{"C:\\py_dev\\mkobi\\frontend\\src\\features\\admin\\model\\errorMessages.ts": {"path":"C:\\py_dev\\mkobi\\frontend\\src\\features\\admin\\model\\errorMessages.ts","statementMap":{"0":{"start":{"line":7,"column":70},"end":{"line":11,"column":null}}},"fnMap":{},"branchMap":{},"s":{"0":1},"f":{},"b":{},"meta":{"lastBranch":0,"lastFunction":0,"lastStatement":1,"seen":{"s:7:70:11:Infinity":0}}}
,"C:\\py_dev\\mkobi\\frontend\\src\\features\\auth\\index.ts": {"path":"C:\\py_dev\\mkobi\\frontend\\src\\features\\auth\\index.ts","statementMap":{},"fnMap":{},"branchMap":{},"s":{},"f":{},"b":{},"meta":{"lastBranch":0,"lastFunction":0,"lastStatement":0,"seen":{}}}
,"C:\\py_dev\\mkobi\\frontend\\src\\features\\auth\\model\\authToken.ts": {"path":"C:\\py_dev\\mkobi\\frontend\\src\\features\\auth\\model\\authToken.ts","statementMap":{"0":{"start":{"line":7,"column":25},"end":{"line":12,"column":null}},"1":{"start":{"line":28,"column":2},"end":{"line":46,"column":null}},"2":{"start":{"line":29,"column":18},"end":{"line":29,"column":33}},"3":{"start":{"line":30,"column":4},"end":{"line":31,"column":null}},"4":{"start":{"line":31,"column":6},"end":{"line":31,"column":null}},"5":{"start":{"line":34,"column":24},"end":{"line":34,"column":37}},"6":{"start":{"line":36,"column":32},"end":{"line":36,"column":54}},"7":{"start":{"line":37,"column":19},"end":{"line":37,"column":56}},"8":{"start":{"line":39,"column":4},"end":{"line":40,"column":null}},"9":{"start":{"line":40,"column":6},"end":{"line":40,"column":null}},"10":{"start":{"line":43,"column":4},"end":{"line":43,"column":null}},"11":{"start":{"line":46,"column":4},"end":{"line":46,"column":null}},"12":{"start":{"line":66,"column":33},"end":{"line":66,"column":null}},"13":{"start":{"line":67,"column":18},"end":{"line":67,"column":null}},"14":{"start":{"line":70,"column":18},"end":{"line":70,"column":null}},"15":{"start":{"line":74,"column":27},"end":{"line":74,"column":null}},"16":{"start":{"line":78,"column":43},"end":{"line":78,"column":51}},"17":{"start":{"line":85,"column":2},"end":{"line":86,"column":null}},"18":{"start":{"line":86,"column":4},"end":{"line":86,"column":null}},"19":{"start":{"line":89,"column":2},"end":{"line":89,"column":null}},"20":{"start":{"line":98,"column":2},"end":{"line":98,"column":null}},"21":{"start":{"line":101,"column":8},"end":{"line":102,"column":null}},"22":{"start":{"line":102,"column":4},"end":{"line":102,"column":null}},"23":{"start":{"line":104,"column":2},"end":{"line":105,"column":null}},"24":{"start":{"line":105,"column":4},"end":{"line":105,"column":null}},"25":{"start":{"line":108,"column":2},"end":{"line":111,"column":null}},"26":{"start":{"line":109,"column":4},"end":{"line":109,"column":null}},"27":{"start":{"line":110,"column":4},"end":{"line":111,"column":null}},"28":{"start":{"line":111,"column":6},"end":{"line":111,"column":null}},"29":{"start":{"line":120,"column":2},"end":{"line":121,"column":null}},"30":{"start":{"line":121,"column":4},"end":{"line":121,"column":null}},"31":{"start":{"line":124,"column":2},"end":{"line":124,"column":null}},"32":{"start":{"line":131,"column":2},"end":{"line":131,"column":null}},"33":{"start":{"line":135,"column":2},"end":{"line":136,"column":null}},"34":{"start":{"line":136,"column":4},"end":{"line":136,"column":null}},"35":{"start":{"line":139,"column":2},"end":{"line":139,"column":null}},"36":{"start":{"line":143,"column":2},"end":{"line":148,"column":null}},"37":{"start":{"line":144,"column":4},"end":{"line":144,"column":null}},"38":{"start":{"line":147,"column":4},"end":{"line":148,"column":null}},"39":{"start":{"line":148,"column":6},"end":{"line":148,"column":null}},"40":{"start":{"line":152,"column":23},"end":{"line":152,"column":39}},"41":{"start":{"line":153,"column":2},"end":{"line":153,"column":null}},"42":{"start":{"line":153,"column":39},"end":{"line":153,"column":61}},"43":{"start":{"line":157,"column":2},"end":{"line":157,"column":null}},"44":{"start":{"line":158,"column":2},"end":{"line":159,"column":null}},"45":{"start":{"line":159,"column":4},"end":{"line":159,"column":null}},"46":{"start":{"line":162,"column":2},"end":{"line":162,"column":null}},"47":{"start":{"line":162,"column":39},"end":{"line":162,"column":53}},"48":{"start":{"line":167,"column":2},"end":{"line":175,"column":null}},"49":{"start":{"line":168,"column":20},"end":{"line":168,"column":41}},"50":{"start":{"line":169,"column":4},"end":{"line":169,"column":null}},"51":{"start":{"line":169,"column":22},"end":{"line":169,"column":null}},"52":{"start":{"line":171,"column":27},"end":{"line":171,"column":null}},"53":{"start":{"line":172,"column":4},"end":{"line":172,"column":null}},"54":{"start":{"line":175,"column":4},"end":{"line":175,"column":null}},"55":{"start":{"line":180,"column":16},"end":{"line":180,"column":25}},"56":{"start":{"line":181,"column":2},"end":{"line":181,"column":null}},"57":{"start":{"line":181,"column":14},"end":{"line":181,"column":null}},"58":{"start":{"line":183,"column":2},"end":{"line":185,"column":null}},"59":{"start":{"line":184,"column":4},"end":{"line":184,"column":null}},"60":{"start":{"line":185,"column":4},"end":{"line":185,"column":null}},"61":{"start":{"line":188,"column":2},"end":{"line":188,"column":null}},"62":{"start":{"line":197,"column":2},"end":{"line":197,"column":null}}},"fnMap":{"0":{"name":"parseJWTPayload","decl":{"start":{"line":27,"column":16},"end":{"line":27,"column":32}},"loc":{"start":{"line":27,"column":59},"end":{"line":46,"column":null}},"line":27},"1":{"name":"getCurrentToken","decl":{"start":{"line":84,"column":9},"end":{"line":84,"column":42}},"loc":{"start":{"line":84,"column":42},"end":{"line":89,"column":null}},"line":84},"2":{"name":"subscribeToken","decl":{"start":{"line":97,"column":16},"end":{"line":97,"column":31}},"loc":{"start":{"line":97,"column":68},"end":{"line":111,"column":null}},"line":97},"3":{"name":"(anonymous_3)","decl":{"start":{"line":101,"column":8},"end":{"line":101,"column":31}},"loc":{"start":{"line":101,"column":31},"end":{"line":102,"column":null}},"line":101},"4":{"name":"(anonymous_4)","decl":{"start":{"line":108,"column":2},"end":{"line":108,"column":15}},"loc":{"start":{"line":108,"column":15},"end":{"line":111,"column":null}},"line":108},"5":{"name":"getSnapshot","decl":{"start":{"line":119,"column":16},"end":{"line":119,"column":45}},"loc":{"start":{"line":119,"column":45},"end":{"line":124,"column":null}},"line":119},"6":{"name":"getServerSnapshot","decl":{"start":{"line":130,"column":16},"end":{"line":130,"column":51}},"loc":{"start":{"line":130,"column":51},"end":{"line":131,"column":null}},"line":130},"7":{"name":"getToken","decl":{"start":{"line":134,"column":16},"end":{"line":134,"column":42}},"loc":{"start":{"line":134,"column":42},"end":{"line":139,"column":null}},"line":134},"8":{"name":"setToken","decl":{"start":{"line":142,"column":16},"end":{"line":142,"column":25}},"loc":{"start":{"line":142,"column":46},"end":{"line":153,"column":null}},"line":142},"9":{"name":"(anonymous_9)","decl":{"start":{"line":153,"column":17},"end":{"line":153,"column":26}},"loc":{"start":{"line":153,"column":39},"end":{"line":153,"column":61}},"line":153},"10":{"name":"removeToken","decl":{"start":{"line":156,"column":16},"end":{"line":156,"column":36}},"loc":{"start":{"line":156,"column":36},"end":{"line":162,"column":null}},"line":156},"11":{"name":"(anonymous_11)","decl":{"start":{"line":162,"column":17},"end":{"line":162,"column":26}},"loc":{"start":{"line":162,"column":39},"end":{"line":162,"column":53}},"line":162},"12":{"name":"isTokenExpired","decl":{"start":{"line":166,"column":16},"end":{"line":166,"column":31}},"loc":{"start":{"line":166,"column":55},"end":{"line":175,"column":null}},"line":166},"13":{"name":"getTokenWithExpirationCheck","decl":{"start":{"line":179,"column":16},"end":{"line":179,"column":61}},"loc":{"start":{"line":179,"column":61},"end":{"line":188,"column":null}},"line":179},"14":{"name":"useAuthToken","decl":{"start":{"line":196,"column":16},"end":{"line":196,"column":46}},"loc":{"start":{"line":196,"column":46},"end":{"line":197,"column":null}},"line":196}},"branchMap":{"0":{"loc":{"start":{"line":30,"column":4},"end":{"line":31,"column":null}},"type":"if","locations":[{"start":{"line":30,"column":4},"end":{"line":31,"column":null}},{"start":{},"end":{}}],"line":30},"1":{"loc":{"start":{"line":39,"column":4},"end":{"line":40,"column":null}},"type":"if","locations":[{"start":{"line":39,"column":4},"end":{"line":40,"column":null}},{"start":{},"end":{}}],"line":39},"2":{"loc":{"start":{"line":85,"column":2},"end":{"line":86,"column":null}},"type":"if","locations":[{"start":{"line":85,"column":2},"end":{"line":86,"column":null}},{"start":{},"end":{}}],"line":85},"3":{"loc":{"start":{"line":89,"column":9},"end":{"line":89,"column":null}},"type":"cond-expr","locations":[{"start":{"line":89,"column":21},"end":{"line":89,"column":54}},{"start":{"line":89,"column":57},"end":{"line":89,"column":null}}],"line":89},"4":{"loc":{"start":{"line":104,"column":2},"end":{"line":105,"column":null}},"type":"if","locations":[{"start":{"line":104,"column":2},"end":{"line":105,"column":null}},{"start":{},"end":{}}],"line":104},"5":{"loc":{"start":{"line":104,"column":6},"end":{"line":104,"column":40}},"type":"binary-expr","locations":[{"start":{"line":104,"column":6},"end":{"line":104,"column":29}},{"start":{"line":104,"column":29},"end":{"line":104,"column":40}}],"line":104},"6":{"loc":{"start":{"line":110,"column":4},"end":{"line":111,"column":null}},"type":"if","locations":[{"start":{"line":110,"column":4},"end":{"line":111,"column":null}},{"start":{},"end":{}}],"line":110},"7":{"loc":{"start":{"line":110,"column":8},"end":{"line":110,"column":42}},"type":"binary-expr","locations":[{"start":{"line":110,"column":8},"end":{"line":110,"column":31}},{"start":{"line":110,"column":31},"end":{"line":110,"column":42}}],"line":110},"8":{"loc":{"start":{"line":120,"column":2},"end":{"line":121,"column":null}},"type":"if","locations":[{"start":{"line":120,"column":2},"end":{"line":121,"column":null}},{"start":{},"end":{}}],"line":120},"9":{"loc":{"start":{"line":124,"column":9},"end":{"line":124,"column":null}},"type":"cond-expr","locations":[{"start":{"line":124,"column":21},"end":{"line":124,"column":54}},{"start":{"line":124,"column":57},"end":{"line":124,"column":null}}],"line":124},"10":{"loc":{"start":{"line":135,"column":2},"end":{"line":136,"column":null}},"type":"if","locations":[{"start":{"line":135,"column":2},"end":{"line":136,"column":null}},{"start":{},"end":{}}],"line":135},"11":{"loc":{"start":{"line":139,"column":9},"end":{"line":139,"column":null}},"type":"cond-expr","locations":[{"start":{"line":139,"column":21},"end":{"line":139,"column":54}},{"start":{"line":139,"column":57},"end":{"line":139,"column":null}}],"line":139},"12":{"loc":{"start":{"line":143,"column":2},"end":{"line":148,"column":null}},"type":"if","locations":[{"start":{"line":143,"column":2},"end":{"line":148,"column":null}},{"start":{"line":145,"column":9},"end":{"line":148,"column":null}}],"line":143},"13":{"loc":{"start":{"line":147,"column":4},"end":{"line":148,"column":null}},"type":"if","locations":[{"start":{"line":147,"column":4},"end":{"line":148,"column":null}},{"start":{},"end":{}}],"line":147},"14":{"loc":{"start":{"line":158,"column":2},"end":{"line":159,"column":null}},"type":"if","locations":[{"start":{"line":158,"column":2},"end":{"line":159,"column":null}},{"start":{},"end":{}}],"line":158},"15":{"loc":{"start":{"line":169,"column":4},"end":{"line":169,"column":null}},"type":"if","locations":[{"start":{"line":169,"column":4},"end":{"line":169,"column":null}},{"start":{},"end":{}}],"line":169},"16":{"loc":{"start":{"line":181,"column":2},"end":{"line":181,"column":null}},"type":"if","locations":[{"start":{"line":181,"column":2},"end":{"line":181,"column":null}},{"start":{},"end":{}}],"line":181},"17":{"loc":{"start":{"line":183,"column":2},"end":{"line":185,"column":null}},"type":"if","locations":[{"start":{"line":183,"column":2},"end":{"line":185,"column":null}},{"start":{},"end":{}}],"line":183}},"s":{"0":2,"1":13,"2":13,"3":13,"4":4,"5":9,"6":9,"7":9,"8":9,"9":0,"10":8,"11":5,"12":2,"13":2,"14":2,"15":2,"16":2,"17":8,"18":0,"19":8,"20":0,"21":0,"22":0,"23":0,"24":0,"25":0,"26":0,"27":0,"28":0,"29":0,"30":0,"31":0,"32":0,"33":21,"34":0,"35":21,"36":8,"37":0,"38":8,"39":8,"40":8,"41":8,"42":0,"43":3,"44":3,"45":3,"46":3,"47":0,"48":7,"49":7,"50":7,"51":1,"52":4,"53":4,"54":2,"55":3,"56":3,"57":1,"58":2,"59":1,"60":1,"61":1,"62":0},"f":{"0":13,"1":8,"2":0,"3":0,"4":0,"5":0,"6":0,"7":21,"8":8,"9":0,"10":3,"11":0,"12":7,"13":3,"14":0},"b":{"0":[4,9],"1":[0,9],"2":[0,8],"3":[8,0],"4":[0,0],"5":[0,0],"6":[0,0],"7":[0,0],"8":[0,0],"9":[0,0],"10":[0,21],"11":[21,0],"12":[0,8],"13":[8,0],"14":[3,0],"15":[1,6],"16":[1,2],"17":[1,1]},"meta":{"lastBranch":18,"lastFunction":15,"lastStatement":63,"seen":{"s:7:25:12:Infinity":0,"f:27:16:27:32":0,"s:28:2:46:Infinity":1,"s:29:18:29:33":2,"b:30:4:31:Infinity:undefined:undefined:undefined:undefined":0,"s:30:4:31:Infinity":3,"s:31:6:31:Infinity":4,"s:34:24:34:37":5,"s:36:32:36:54":6,"s:37:19:37:56":7,"b:39:4:40:Infinity:undefined:undefined:undefined:undefined":1,"s:39:4:40:Infinity":8,"s:40:6:40:Infinity":9,"s:43:4:43:Infinity":10,"s:46:4:46:Infinity":11,"s:66:33:66:Infinity":12,"s:67:18:67:Infinity":13,"s:70:18:70:Infinity":14,"s:74:27:74:Infinity":15,"s:78:43:78:51":16,"f:84:9:84:42":1,"b:85:2:86:Infinity:undefined:undefined:undefined:undefined":2,"s:85:2:86:Infinity":17,"s:86:4:86:Infinity":18,"s:89:2:89:Infinity":19,"b:89:21:89:54:89:57:89:Infinity":3,"f:97:16:97:31":2,"s:98:2:98:Infinity":20,"s:101:8:102:Infinity":21,"f:101:8:101:31":3,"s:102:4:102:Infinity":22,"b:104:2:105:Infinity:undefined:undefined:undefined:undefined":4,"s:104:2:105:Infinity":23,"b:104:6:104:29:104:29:104:40":5,"s:105:4:105:Infinity":24,"s:108:2:111:Infinity":25,"f:108:2:108:15":4,"s:109:4:109:Infinity":26,"b:110:4:111:Infinity:undefined:undefined:undefined:undefined":6,"s:110:4:111:Infinity":27,"b:110:8:110:31:110:31:110:42":7,"s:111:6:111:Infinity":28,"f:119:16:119:45":5,"b:120:2:121:Infinity:undefined:undefined:undefined:undefined":8,"s:120:2:121:Infinity":29,"s:121:4:121:Infinity":30,"s:124:2:124:Infinity":31,"b:124:21:124:54:124:57:124:Infinity":9,"f:130:16:130:51":6,"s:131:2:131:Infinity":32,"f:134:16:134:42":7,"b:135:2:136:Infinity:undefined:undefined:undefined:undefined":10,"s:135:2:136:Infinity":33,"s:136:4:136:Infinity":34,"s:139:2:139:Infinity":35,"b:139:21:139:54:139:57:139:Infinity":11,"f:142:16:142:25":8,"b:143:2:148:Infinity:145:9:148:Infinity":12,"s:143:2:148:Infinity":36,"s:144:4:144:Infinity":37,"b:147:4:148:Infinity:undefined:undefined:undefined:undefined":13,"s:147:4:148:Infinity":38,"s:148:6:148:Infinity":39,"s:152:23:152:39":40,"s:153:2:153:Infinity":41,"f:153:17:153:26":9,"s:153:39:153:61":42,"f:156:16:156:36":10,"s:157:2:157:Infinity":43,"b:158:2:159:Infinity:undefined:undefined:undefined:undefined":14,"s:158:2:159:Infinity":44,"s:159:4:159:Infinity":45,"s:162:2:162:Infinity":46,"f:162:17:162:26":11,"s:162:39:162:53":47,"f:166:16:166:31":12,"s:167:2:175:Infinity":48,"s:168:20:168:41":49,"b:169:4:169:Infinity:undefined:undefined:undefined:undefined":15,"s:169:4:169:Infinity":50,"s:169:22:169:Infinity":51,"s:171:27:171:Infinity":52,"s:172:4:172:Infinity":53,"s:175:4:175:Infinity":54,"f:179:16:179:61":13,"s:180:16:180:25":55,"b:181:2:181:Infinity:undefined:undefined:undefined:undefined":16,"s:181:2:181:Infinity":56,"s:181:14:181:Infinity":57,"b:183:2:185:Infinity:undefined:undefined:undefined:undefined":17,"s:183:2:185:Infinity":58,"s:184:4:184:Infinity":59,"s:185:4:185:Infinity":60,"s:188:2:188:Infinity":61,"f:196:16:196:46":14,"s:197:2:197:Infinity":62}}}
,"C:\\py_dev\\mkobi\\frontend\\src\\features\\auth\\model\\errorMessages.ts": {"path":"C:\\py_dev\\mkobi\\frontend\\src\\features\\auth\\model\\errorMessages.ts","statementMap":{"0":{"start":{"line":7,"column":69},"end":{"line":15,"column":null}}},"fnMap":{},"branchMap":{},"s":{"0":1},"f":{},"b":{},"meta":{"lastBranch":0,"lastFunction":0,"lastStatement":1,"seen":{"s:7:69:15:Infinity":0}}}
,"C:\\py_dev\\mkobi\\frontend\\src\\features\\auth\\model\\useAuth.ts": {"path":"C:\\py_dev\\mkobi\\frontend\\src\\features\\auth\\model\\useAuth.ts","statementMap":{"0":{"start":{"line":7,"column":15},"end":{"line":7,"column":60}},"1":{"start":{"line":8,"column":20},"end":{"line":8,"column":50}},"2":{"start":{"line":10,"column":8},"end":{"line":22,"column":8}},"3":{"start":{"line":11,"column":4},"end":{"line":20,"column":null}},"4":{"start":{"line":12,"column":6},"end":{"line":12,"column":null}},"5":{"start":{"line":13,"column":22},"end":{"line":13,"column":43}},"6":{"start":{"line":14,"column":6},"end":{"line":14,"column":null}},"7":{"start":{"line":16,"column":6},"end":{"line":16,"column":null}},"8":{"start":{"line":17,"column":6},"end":{"line":17,"column":null}},"9":{"start":{"line":18,"column":6},"end":{"line":18,"column":null}},"10":{"start":{"line":20,"column":6},"end":{"line":20,"column":null}},"11":{"start":{"line":24,"column":8},"end":{"line":42,"column":8}},"12":{"start":{"line":25,"column":4},"end":{"line":25,"column":null}},"13":{"start":{"line":26,"column":4},"end":{"line":40,"column":null}},"14":{"start":{"line":27,"column":23},"end":{"line":27,"column":54}},"15":{"start":{"line":28,"column":6},"end":{"line":28,"column":null}},"16":{"start":{"line":29,"column":6},"end":{"line":29,"column":null}},"17":{"start":{"line":31,"column":6},"end":{"line":32,"column":null}},"18":{"start":{"line":32,"column":8},"end":{"line":32,"column":null}},"19":{"start":{"line":34,"column":6},"end":{"line":34,"column":null}},"20":{"start":{"line":36,"column":6},"end":{"line":36,"column":null}},"21":{"start":{"line":37,"column":6},"end":{"line":37,"column":null}},"22":{"start":{"line":38,"column":6},"end":{"line":38,"column":null}},"23":{"start":{"line":40,"column":6},"end":{"line":40,"column":null}},"24":{"start":{"line":44,"column":8},"end":{"line":46,"column":8}},"25":{"start":{"line":45,"column":4},"end":{"line":45,"column":null}},"26":{"start":{"line":48,"column":8},"end":{"line":56,"column":8}},"27":{"start":{"line":49,"column":4},"end":{"line":51,"column":null}},"28":{"start":{"line":50,"column":6},"end":{"line":50,"column":null}},"29":{"start":{"line":54,"column":4},"end":{"line":54,"column":null}},"30":{"start":{"line":55,"column":4},"end":{"line":55,"column":null}},"31":{"start":{"line":58,"column":2},"end":{"line":98,"column":null}},"32":{"start":{"line":59,"column":10},"end":{"line":59,"column":28}},"33":{"start":{"line":60,"column":4},"end":{"line":80,"column":null}},"34":{"start":{"line":62,"column":6},"end":{"line":79,"column":null}},"35":{"start":{"line":63,"column":8},"end":{"line":77,"column":null}},"36":{"start":{"line":64,"column":27},"end":{"line":64,"column":50}},"37":{"start":{"line":65,"column":10},"end":{"line":65,"column":null}},"38":{"start":{"line":67,"column":26},"end":{"line":67,"column":47}},"39":{"start":{"line":68,"column":10},"end":{"line":68,"column":null}},"40":{"start":{"line":69,"column":10},"end":{"line":70,"column":null}},"41":{"start":{"line":70,"column":12},"end":{"line":70,"column":null}},"42":{"start":{"line":74,"column":10},"end":{"line":74,"column":null}},"43":{"start":{"line":75,"column":10},"end":{"line":75,"column":null}},"44":{"start":{"line":77,"column":10},"end":{"line":77,"column":null}},"45":{"start":{"line":80,"column":6},"end":{"line":80,"column":null}},"46":{"start":{"line":83,"column":4},"end":{"line":97,"column":null}},"47":{"start":{"line":84,"column":6},"end":{"line":95,"column":null}},"48":{"start":{"line":85,"column":8},"end":{"line":85,"column":null}},"49":{"start":{"line":86,"column":24},"end":{"line":86,"column":45}},"50":{"start":{"line":87,"column":8},"end":{"line":87,"column":null}},"51":{"start":{"line":88,"column":8},"end":{"line":89,"column":null}},"52":{"start":{"line":89,"column":10},"end":{"line":89,"column":null}},"53":{"start":{"line":92,"column":8},"end":{"line":92,"column":null}},"54":{"start":{"line":93,"column":8},"end":{"line":93,"column":null}},"55":{"start":{"line":95,"column":8},"end":{"line":95,"column":null}},"56":{"start":{"line":100,"column":2},"end":{"line":108,"column":null}}},"fnMap":{"0":{"name":"useAuth","decl":{"start":{"line":6,"column":16},"end":{"line":6,"column":26}},"loc":{"start":{"line":6,"column":26},"end":{"line":108,"column":null}},"line":6},"1":{"name":"(anonymous_1)","decl":{"start":{"line":10,"column":33},"end":{"line":10,"column":45}},"loc":{"start":{"line":10,"column":45},"end":{"line":22,"column":7}},"line":10},"2":{"name":"(anonymous_2)","decl":{"start":{"line":24,"column":28},"end":{"line":24,"column":35}},"loc":{"start":{"line":24,"column":94},"end":{"line":42,"column":7}},"line":24},"3":{"name":"(anonymous_3)","decl":{"start":{"line":44,"column":38},"end":{"line":44,"column":45}},"loc":{"start":{"line":44,"column":63},"end":{"line":46,"column":7}},"line":44},"4":{"name":"(anonymous_4)","decl":{"start":{"line":48,"column":29},"end":{"line":48,"column":41}},"loc":{"start":{"line":48,"column":41},"end":{"line":56,"column":7}},"line":48},"5":{"name":"(anonymous_5)","decl":{"start":{"line":58,"column":2},"end":{"line":58,"column":18}},"loc":{"start":{"line":58,"column":18},"end":{"line":98,"column":7}},"line":58},"6":{"name":"(anonymous_6)","decl":{"start":{"line":62,"column":12},"end":{"line":62,"column":24}},"loc":{"start":{"line":62,"column":24},"end":{"line":79,"column":null}},"line":62},"7":{"name":"(anonymous_7)","decl":{"start":{"line":83,"column":10},"end":{"line":83,"column":22}},"loc":{"start":{"line":83,"column":22},"end":{"line":97,"column":null}},"line":83}},"branchMap":{"0":{"loc":{"start":{"line":31,"column":6},"end":{"line":32,"column":null}},"type":"if","locations":[{"start":{"line":31,"column":6},"end":{"line":32,"column":null}},{"start":{},"end":{}}],"line":31},"1":{"loc":{"start":{"line":60,"column":4},"end":{"line":80,"column":null}},"type":"if","locations":[{"start":{"line":60,"column":4},"end":{"line":80,"column":null}},{"start":{},"end":{}}],"line":60},"2":{"loc":{"start":{"line":69,"column":10},"end":{"line":70,"column":null}},"type":"if","locations":[{"start":{"line":69,"column":10},"end":{"line":70,"column":null}},{"start":{},"end":{}}],"line":69},"3":{"loc":{"start":{"line":88,"column":8},"end":{"line":89,"column":null}},"type":"if","locations":[{"start":{"line":88,"column":8},"end":{"line":89,"column":null}},{"start":{},"end":{}}],"line":88}},"s":{"0":34,"1":34,"2":34,"3":2,"4":2,"5":2,"6":1,"7":1,"8":1,"9":1,"10":2,"11":34,"12":2,"13":2,"14":2,"15":1,"16":1,"17":1,"18":0,"19":1,"20":1,"21":1,"22":1,"23":2,"24":34,"25":1,"26":34,"27":2,"28":2,"29":2,"30":2,"31":34,"32":20,"33":20,"34":12,"35":12,"36":12,"37":4,"38":4,"39":4,"40":4,"41":2,"42":8,"43":8,"44":12,"45":12,"46":8,"47":8,"48":8,"49":8,"50":7,"51":7,"52":2,"53":1,"54":1,"55":8,"56":34},"f":{"0":34,"1":2,"2":2,"3":1,"4":2,"5":20,"6":12,"7":8},"b":{"0":[0,1],"1":[12,8],"2":[2,2],"3":[2,5]},"meta":{"lastBranch":4,"lastFunction":8,"lastStatement":57,"seen":{"f:6:16:6:26":0,"s:7:15:7:60":0,"s:8:20:8:50":1,"s:10:8:22:8":2,"f:10:33:10:45":1,"s:11:4:20:Infinity":3,"s:12:6:12:Infinity":4,"s:13:22:13:43":5,"s:14:6:14:Infinity":6,"s:16:6:16:Infinity":7,"s:17:6:17:Infinity":8,"s:18:6:18:Infinity":9,"s:20:6:20:Infinity":10,"s:24:8:42:8":11,"f:24:28:24:35":2,"s:25:4:25:Infinity":12,"s:26:4:40:Infinity":13,"s:27:23:27:54":14,"s:28:6:28:Infinity":15,"s:29:6:29:Infinity":16,"b:31:6:32:Infinity:undefined:undefined:undefined:undefined":0,"s:31:6:32:Infinity":17,"s:32:8:32:Infinity":18,"s:34:6:34:Infinity":19,"s:36:6:36:Infinity":20,"s:37:6:37:Infinity":21,"s:38:6:38:Infinity":22,"s:40:6:40:Infinity":23,"s:44:8:46:8":24,"f:44:38:44:45":3,"s:45:4:45:Infinity":25,"s:48:8:56:8":26,"f:48:29:48:41":4,"s:49:4:51:Infinity":27,"s:50:6:50:Infinity":28,"s:54:4:54:Infinity":29,"s:55:4:55:Infinity":30,"s:58:2:98:Infinity":31,"f:58:2:58:18":5,"s:59:10:59:28":32,"b:60:4:80:Infinity:undefined:undefined:undefined:undefined":1,"s:60:4:80:Infinity":33,"s:62:6:79:Infinity":34,"f:62:12:62:24":6,"s:63:8:77:Infinity":35,"s:64:27:64:50":36,"s:65:10:65:Infinity":37,"s:67:26:67:47":38,"s:68:10:68:Infinity":39,"b:69:10:70:Infinity:undefined:undefined:undefined:undefined":2,"s:69:10:70:Infinity":40,"s:70:12:70:Infinity":41,"s:74:10:74:Infinity":42,"s:75:10:75:Infinity":43,"s:77:10:77:Infinity":44,"s:80:6:80:Infinity":45,"s:83:4:97:Infinity":46,"f:83:10:83:22":7,"s:84:6:95:Infinity":47,"s:85:8:85:Infinity":48,"s:86:24:86:45":49,"s:87:8:87:Infinity":50,"b:88:8:89:Infinity:undefined:undefined:undefined:undefined":3,"s:88:8:89:Infinity":51,"s:89:10:89:Infinity":52,"s:92:8:92:Infinity":53,"s:93:8:93:Infinity":54,"s:95:8:95:Infinity":55,"s:100:2:108:Infinity":56}}}
,"C:\\py_dev\\mkobi\\frontend\\src\\features\\auth\\ui\\LoginForm.tsx": {"path":"C:\\py_dev\\mkobi\\frontend\\src\\features\\auth\\ui\\LoginForm.tsx","statementMap":{"0":{"start":{"line":10,"column":8},"end":{"line":10,"column":32}},"1":{"start":{"line":11,"column":17},"end":{"line":11,"column":42}},"2":{"start":{"line":12,"column":16},"end":{"line":12,"column":57}},"3":{"start":{"line":13,"column":23},"end":{"line":13,"column":57}},"4":{"start":{"line":19,"column":17},"end":{"line":22,"column":4}},"5":{"start":{"line":25,"column":8},"end":{"line":25,"column":45}},"6":{"start":{"line":26,"column":2},"end":{"line":32,"column":null}},"7":{"start":{"line":27,"column":4},"end":{"line":29,"column":null}},"8":{"start":{"line":29,"column":6},"end":{"line":29,"column":null}},"9":{"start":{"line":29,"column":23},"end":{"line":29,"column":37}},"10":{"start":{"line":34,"column":19},"end":{"line":48,"column":null}},"11":{"start":{"line":35,"column":4},"end":{"line":48,"column":null}},"12":{"start":{"line":36,"column":6},"end":{"line":36,"column":null}},"13":{"start":{"line":37,"column":6},"end":{"line":37,"column":null}},"14":{"start":{"line":38,"column":23},"end":{"line":38,"column":61}},"15":{"start":{"line":39,"column":6},"end":{"line":42,"column":null}},"16":{"start":{"line":40,"column":8},"end":{"line":40,"column":null}},"17":{"start":{"line":42,"column":8},"end":{"line":42,"column":null}},"18":{"start":{"line":45,"column":22},"end":{"line":45,"column":null}},"19":{"start":{"line":46,"column":6},"end":{"line":46,"column":null}},"20":{"start":{"line":48,"column":6},"end":{"line":48,"column":null}},"21":{"start":{"line":55,"column":2},"end":{"line":56,"column":null}},"22":{"start":{"line":56,"column":4},"end":{"line":56,"column":null}},"23":{"start":{"line":59,"column":2},"end":{"line":98,"column":null}},"24":{"start":{"line":60,"column":43},"end":{"line":60,"column":73}}},"fnMap":{"0":{"name":"LoginForm","decl":{"start":{"line":9,"column":16},"end":{"line":9,"column":28}},"loc":{"start":{"line":9,"column":28},"end":{"line":98,"column":null}},"line":9},"1":{"name":"(anonymous_1)","decl":{"start":{"line":26,"column":2},"end":{"line":26,"column":18}},"loc":{"start":{"line":26,"column":18},"end":{"line":32,"column":6}},"line":26},"2":{"name":"(anonymous_2)","decl":{"start":{"line":29,"column":6},"end":{"line":29,"column":23}},"loc":{"start":{"line":29,"column":23},"end":{"line":29,"column":37}},"line":29},"3":{"name":"(anonymous_3)","decl":{"start":{"line":34,"column":19},"end":{"line":34,"column":26}},"loc":{"start":{"line":34,"column":50},"end":{"line":48,"column":null}},"line":34},"4":{"name":"(anonymous_4)","decl":{"start":{"line":60,"column":26},"end":{"line":60,"column":37}},"loc":{"start":{"line":60,"column":43},"end":{"line":60,"column":73}},"line":60}},"branchMap":{"0":{"loc":{"start":{"line":27,"column":4},"end":{"line":29,"column":null}},"type":"if","locations":[{"start":{"line":27,"column":4},"end":{"line":29,"column":null}},{"start":{},"end":{}}],"line":27},"1":{"loc":{"start":{"line":39,"column":6},"end":{"line":42,"column":null}},"type":"if","locations":[{"start":{"line":39,"column":6},"end":{"line":42,"column":null}},{"start":{"line":41,"column":13},"end":{"line":42,"column":null}}],"line":39},"2":{"loc":{"start":{"line":45,"column":22},"end":{"line":45,"column":null}},"type":"cond-expr","locations":[{"start":{"line":45,"column":45},"end":{"line":45,"column":59}},{"start":{"line":45,"column":59},"end":{"line":45,"column":null}}],"line":45},"3":{"loc":{"start":{"line":55,"column":2},"end":{"line":56,"column":null}},"type":"if","locations":[{"start":{"line":55,"column":2},"end":{"line":56,"column":null}},{"start":{},"end":{}}],"line":55},"4":{"loc":{"start":{"line":65,"column":7},"end":{"line":68,"column":null}},"type":"binary-expr","locations":[{"start":{"line":65,"column":7},"end":{"line":65,"column":null}},{"start":{"line":66,"column":8},"end":{"line":68,"column":null}}],"line":65},"5":{"loc":{"start":{"line":91,"column":9},"end":{"line":91,"column":null}},"type":"cond-expr","locations":[{"start":{"line":91,"column":24},"end":{"line":91,"column":39}},{"start":{"line":91,"column":39},"end":{"line":91,"column":null}}],"line":91}},"s":{"0":17,"1":17,"2":17,"3":17,"4":17,"5":17,"6":17,"7":10,"8":0,"9":0,"10":17,"11":0,"12":0,"13":0,"14":0,"15":0,"16":0,"17":0,"18":0,"19":0,"20":0,"21":17,"22":0,"23":17,"24":2},"f":{"0":17,"1":10,"2":0,"3":0,"4":2},"b":{"0":[0,10],"1":[0,0],"2":[0,0],"3":[0,17],"4":[17,0],"5":[0,17]},"meta":{"lastBranch":6,"lastFunction":5,"lastStatement":25,"seen":{"f:9:16:9:28":0,"s:10:8:10:32":0,"s:11:17:11:42":1,"s:12:16:12:57":2,"s:13:23:13:57":3,"s:19:17:22:4":4,"s:25:8:25:45":5,"s:26:2:32:Infinity":6,"f:26:2:26:18":1,"b:27:4:29:Infinity:undefined:undefined:undefined:undefined":0,"s:27:4:29:Infinity":7,"s:29:6:29:Infinity":8,"f:29:6:29:23":2,"s:29:23:29:37":9,"s:34:19:48:Infinity":10,"f:34:19:34:26":3,"s:35:4:48:Infinity":11,"s:36:6:36:Infinity":12,"s:37:6:37:Infinity":13,"s:38:23:38:61":14,"b:39:6:42:Infinity:41:13:42:Infinity":1,"s:39:6:42:Infinity":15,"s:40:8:40:Infinity":16,"s:42:8:42:Infinity":17,"s:45:22:45:Infinity":18,"b:45:45:45:59:45:59:45:Infinity":2,"s:46:6:46:Infinity":19,"s:48:6:48:Infinity":20,"b:55:2:56:Infinity:undefined:undefined:undefined:undefined":3,"s:55:2:56:Infinity":21,"s:56:4:56:Infinity":22,"s:59:2:98:Infinity":23,"f:60:26:60:37":4,"s:60:43:60:73":24,"b:65:7:65:Infinity:66:8:68:Infinity":4,"b:91:24:91:39:91:39:91:Infinity":5}}}
,"C:\\py_dev\\mkobi\\frontend\\src\\features\\auth\\ui\\RegisterForm.tsx": {"path":"C:\\py_dev\\mkobi\\frontend\\src\\features\\auth\\ui\\RegisterForm.tsx","statementMap":{"0":{"start":{"line":10,"column":10},"end":{"line":10,"column":39}},"1":{"start":{"line":11,"column":23},"end":{"line":11,"column":57}},"2":{"start":{"line":12,"column":16},"end":{"line":12,"column":57}},"3":{"start":{"line":13,"column":18},"end":{"line":13,"column":47}},"4":{"start":{"line":18,"column":17},"end":{"line":21,"column":4}},"5":{"start":{"line":23,"column":19},"end":{"line":34,"column":null}},"6":{"start":{"line":24,"column":4},"end":{"line":34,"column":null}},"7":{"start":{"line":25,"column":6},"end":{"line":25,"column":null}},"8":{"start":{"line":26,"column":6},"end":{"line":26,"column":null}},"9":{"start":{"line":27,"column":6},"end":{"line":27,"column":null}},"10":{"start":{"line":28,"column":6},"end":{"line":28,"column":null}},"11":{"start":{"line":30,"column":25},"end":{"line":30,"column":null}},"12":{"start":{"line":31,"column":27},"end":{"line":31,"column":null}},"13":{"start":{"line":32,"column":6},"end":{"line":32,"column":null}},"14":{"start":{"line":34,"column":6},"end":{"line":34,"column":null}},"15":{"start":{"line":38,"column":2},"end":{"line":48,"column":null}},"16":{"start":{"line":39,"column":4},"end":{"line":48,"column":null}},"17":{"start":{"line":53,"column":2},"end":{"line":83,"column":null}},"18":{"start":{"line":54,"column":43},"end":{"line":54,"column":73}}},"fnMap":{"0":{"name":"RegisterForm","decl":{"start":{"line":9,"column":16},"end":{"line":9,"column":31}},"loc":{"start":{"line":9,"column":31},"end":{"line":83,"column":null}},"line":9},"1":{"name":"(anonymous_1)","decl":{"start":{"line":23,"column":19},"end":{"line":23,"column":26}},"loc":{"start":{"line":23,"column":53},"end":{"line":34,"column":null}},"line":23},"2":{"name":"(anonymous_2)","decl":{"start":{"line":54,"column":26},"end":{"line":54,"column":37}},"loc":{"start":{"line":54,"column":43},"end":{"line":54,"column":73}},"line":54}},"branchMap":{"0":{"loc":{"start":{"line":31,"column":27},"end":{"line":31,"column":null}},"type":"binary-expr","locations":[{"start":{"line":31,"column":27},"end":{"line":31,"column":64}},{"start":{"line":31,"column":64},"end":{"line":31,"column":null}}],"line":31},"1":{"loc":{"start":{"line":38,"column":2},"end":{"line":48,"column":null}},"type":"if","locations":[{"start":{"line":38,"column":2},"end":{"line":48,"column":null}},{"start":{},"end":{}}],"line":38},"2":{"loc":{"start":{"line":59,"column":7},"end":{"line":62,"column":null}},"type":"binary-expr","locations":[{"start":{"line":59,"column":7},"end":{"line":59,"column":null}},{"start":{"line":60,"column":8},"end":{"line":62,"column":null}}],"line":59},"3":{"loc":{"start":{"line":76,"column":9},"end":{"line":76,"column":null}},"type":"cond-expr","locations":[{"start":{"line":76,"column":24},"end":{"line":76,"column":39}},{"start":{"line":76,"column":39},"end":{"line":76,"column":null}}],"line":76}},"s":{"0":10,"1":10,"2":10,"3":10,"4":10,"5":10,"6":0,"7":0,"8":0,"9":0,"10":0,"11":0,"12":0,"13":0,"14":0,"15":10,"16":0,"17":10,"18":2},"f":{"0":10,"1":0,"2":2},"b":{"0":[0,0],"1":[0,10],"2":[10,0],"3":[0,10]},"meta":{"lastBranch":4,"lastFunction":3,"lastStatement":19,"seen":{"f:9:16:9:31":0,"s:10:10:10:39":0,"s:11:23:11:57":1,"s:12:16:12:57":2,"s:13:18:13:47":3,"s:18:17:21:4":4,"s:23:19:34:Infinity":5,"f:23:19:23:26":1,"s:24:4:34:Infinity":6,"s:25:6:25:Infinity":7,"s:26:6:26:Infinity":8,"s:27:6:27:Infinity":9,"s:28:6:28:Infinity":10,"s:30:25:30:Infinity":11,"s:31:27:31:Infinity":12,"b:31:27:31:64:31:64:31:Infinity":0,"s:32:6:32:Infinity":13,"s:34:6:34:Infinity":14,"b:38:2:48:Infinity:undefined:undefined:undefined:undefined":1,"s:38:2:48:Infinity":15,"s:39:4:48:Infinity":16,"s:53:2:83:Infinity":17,"f:54:26:54:37":2,"s:54:43:54:73":18,"b:59:7:59:Infinity:60:8:62:Infinity":2,"b:76:24:76:39:76:39:76:Infinity":3}}}
,"C:\\py_dev\\mkobi\\frontend\\src\\features\\dashboards\\model\\errorMessages.ts": {"path":"C:\\py_dev\\mkobi\\frontend\\src\\features\\dashboards\\model\\errorMessages.ts","statementMap":{"0":{"start":{"line":7,"column":74},"end":{"line":11,"column":null}}},"fnMap":{},"branchMap":{},"s":{"0":1},"f":{},"b":{},"meta":{"lastBranch":0,"lastFunction":0,"lastStatement":1,"seen":{"s:7:74:11:Infinity":0}}}
,"C:\\py_dev\\mkobi\\frontend\\src\\features\\dashboards\\ui\\DashboardView.tsx": {"path":"C:\\py_dev\\mkobi\\frontend\\src\\features\\dashboards\\ui\\DashboardView.tsx","statementMap":{"0":{"start":{"line":20,"column":10},"end":{"line":20,"column":44}},"1":{"start":{"line":22,"column":18},"end":{"line":24,"column":7}},"2":{"start":{"line":25,"column":26},"end":{"line":25,"column":63}},"3":{"start":{"line":30,"column":11},"end":{"line":31,"column":28}},"4":{"start":{"line":35,"column":11},"end":{"line":36,"column":42}},"5":{"start":{"line":37,"column":10},"end":{"line":37,"column":63}},"6":{"start":{"line":40,"column":40},"end":{"line":53,"column":8}},"7":{"start":{"line":42,"column":34},"end":{"line":51,"column":null}},"8":{"start":{"line":55,"column":8},"end":{"line":59,"column":null}},"9":{"start":{"line":57,"column":6},"end":{"line":57,"column":null}},"10":{"start":{"line":62,"column":2},"end":{"line":66,"column":null}},"11":{"start":{"line":63,"column":4},"end":{"line":64,"column":null}},"12":{"start":{"line":64,"column":6},"end":{"line":64,"column":null}},"13":{"start":{"line":68,"column":2},"end":{"line":72,"column":null}},"14":{"start":{"line":69,"column":4},"end":{"line":72,"column":null}},"15":{"start":{"line":76,"column":2},"end":{"line":80,"column":null}},"16":{"start":{"line":77,"column":4},"end":{"line":80,"column":null}},"17":{"start":{"line":84,"column":18},"end":{"line":84,"column":66}},"18":{"start":{"line":86,"column":2},"end":{"line":172,"column":null}},"19":{"start":{"line":96,"column":27},"end":{"line":96,"column":51}},"20":{"start":{"line":142,"column":16},"end":{"line":149,"column":null}},"21":{"start":{"line":164,"column":23},"end":{"line":164,"column":48}},"22":{"start":{"line":167,"column":10},"end":{"line":167,"column":null}},"23":{"start":{"line":168,"column":10},"end":{"line":169,"column":null}},"24":{"start":{"line":169,"column":12},"end":{"line":169,"column":null}}},"fnMap":{"0":{"name":"DashboardView","decl":{"start":{"line":19,"column":16},"end":{"line":19,"column":32}},"loc":{"start":{"line":19,"column":32},"end":{"line":172,"column":null}},"line":19},"1":{"name":"(anonymous_1)","decl":{"start":{"line":41,"column":31},"end":{"line":41,"column":null}},"loc":{"start":{"line":42,"column":34},"end":{"line":51,"column":null}},"line":42},"2":{"name":"(anonymous_2)","decl":{"start":{"line":55,"column":29},"end":{"line":55,"column":null}},"loc":{"start":{"line":56,"column":75},"end":{"line":59,"column":6}},"line":56},"3":{"name":"(anonymous_3)","decl":{"start":{"line":62,"column":2},"end":{"line":62,"column":18}},"loc":{"start":{"line":62,"column":18},"end":{"line":66,"column":6}},"line":62},"4":{"name":"(anonymous_4)","decl":{"start":{"line":96,"column":12},"end":{"line":96,"column":27}},"loc":{"start":{"line":96,"column":27},"end":{"line":96,"column":51}},"line":96},"5":{"name":"(anonymous_5)","decl":{"start":{"line":141,"column":37},"end":{"line":141,"column":42}},"loc":{"start":{"line":142,"column":16},"end":{"line":149,"column":null}},"line":142},"6":{"name":"(anonymous_6)","decl":{"start":{"line":164,"column":8},"end":{"line":164,"column":23}},"loc":{"start":{"line":164,"column":23},"end":{"line":164,"column":48}},"line":164},"7":{"name":"(anonymous_7)","decl":{"start":{"line":166,"column":8},"end":{"line":166,"column":32}},"loc":{"start":{"line":166,"column":32},"end":{"line":169,"column":null}},"line":166},"8":{"name":"(anonymous_8)","decl":{"start":{"line":169,"column":41},"end":{"line":169,"column":53}},"loc":{"start":{"line":169,"column":53},"end":{"line":169,"column":56}},"line":169}},"branchMap":{"0":{"loc":{"start":{"line":31,"column":19},"end":{"line":31,"column":28}},"type":"binary-expr","locations":[{"start":{"line":31,"column":19},"end":{"line":31,"column":25}},{"start":{"line":31,"column":25},"end":{"line":31,"column":28}}],"line":31},"1":{"loc":{"start":{"line":36,"column":24},"end":{"line":36,"column":34}},"type":"binary-expr","locations":[{"start":{"line":36,"column":24},"end":{"line":36,"column":30}},{"start":{"line":36,"column":30},"end":{"line":36,"column":34}}],"line":36},"2":{"loc":{"start":{"line":40,"column":40},"end":{"line":53,"column":8}},"type":"cond-expr","locations":[{"start":{"line":41,"column":6},"end":{"line":51,"column":null}},{"start":{"line":53,"column":6},"end":{"line":53,"column":8}}],"line":40},"3":{"loc":{"start":{"line":40,"column":40},"end":{"line":40,"column":null}},"type":"binary-expr","locations":[{"start":{"line":40,"column":40},"end":{"line":40,"column":70}},{"start":{"line":40,"column":70},"end":{"line":40,"column":null}}],"line":40},"4":{"loc":{"start":{"line":63,"column":4},"end":{"line":64,"column":null}},"type":"if","locations":[{"start":{"line":63,"column":4},"end":{"line":64,"column":null}},{"start":{},"end":{}}],"line":63},"5":{"loc":{"start":{"line":63,"column":8},"end":{"line":63,"column":47}},"type":"binary-expr","locations":[{"start":{"line":63,"column":8},"end":{"line":63,"column":14}},{"start":{"line":63,"column":14},"end":{"line":63,"column":47}}],"line":63},"6":{"loc":{"start":{"line":68,"column":2},"end":{"line":72,"column":null}},"type":"if","locations":[{"start":{"line":68,"column":2},"end":{"line":72,"column":null}},{"start":{},"end":{}}],"line":68},"7":{"loc":{"start":{"line":76,"column":2},"end":{"line":80,"column":null}},"type":"if","locations":[{"start":{"line":76,"column":2},"end":{"line":80,"column":null}},{"start":{},"end":{}}],"line":76},"8":{"loc":{"start":{"line":76,"column":6},"end":{"line":76,"column":36}},"type":"binary-expr","locations":[{"start":{"line":76,"column":6},"end":{"line":76,"column":24}},{"start":{"line":76,"column":24},"end":{"line":76,"column":36}}],"line":76},"9":{"loc":{"start":{"line":93,"column":9},"end":{"line":99,"column":null}},"type":"binary-expr","locations":[{"start":{"line":93,"column":9},"end":{"line":93,"column":null}},{"start":{"line":94,"column":10},"end":{"line":99,"column":null}}],"line":93},"10":{"loc":{"start":{"line":103,"column":7},"end":{"line":106,"column":null}},"type":"binary-expr","locations":[{"start":{"line":103,"column":7},"end":{"line":103,"column":null}},{"start":{"line":104,"column":8},"end":{"line":106,"column":null}}],"line":103},"11":{"loc":{"start":{"line":110,"column":9},"end":{"line":121,"column":9}},"type":"binary-expr","locations":[{"start":{"line":110,"column":9},"end":{"line":110,"column":37}},{"start":{"line":110,"column":37},"end":{"line":110,"column":null}},{"start":{"line":111,"column":10},"end":{"line":121,"column":9}}],"line":110},"12":{"loc":{"start":{"line":116,"column":27},"end":{"line":116,"column":null}},"type":"binary-expr","locations":[{"start":{"line":116,"column":27},"end":{"line":116,"column":33}},{"start":{"line":116,"column":33},"end":{"line":116,"column":null}}],"line":116},"13":{"loc":{"start":{"line":124,"column":16},"end":{"line":124,"column":null}},"type":"cond-expr","locations":[{"start":{"line":124,"column":82},"end":{"line":124,"column":86}},{"start":{"line":124,"column":86},"end":{"line":124,"column":null}}],"line":124},"14":{"loc":{"start":{"line":124,"column":16},"end":{"line":124,"column":82}},"type":"binary-expr","locations":[{"start":{"line":124,"column":16},"end":{"line":124,"column":44}},{"start":{"line":124,"column":44},"end":{"line":124,"column":82}}],"line":124},"15":{"loc":{"start":{"line":127,"column":11},"end":{"line":130,"column":null}},"type":"binary-expr","locations":[{"start":{"line":127,"column":11},"end":{"line":127,"column":null}},{"start":{"line":128,"column":12},"end":{"line":130,"column":null}}],"line":127},"16":{"loc":{"start":{"line":133,"column":11},"end":{"line":136,"column":null}},"type":"binary-expr","locations":[{"start":{"line":133,"column":11},"end":{"line":133,"column":null}},{"start":{"line":134,"column":12},"end":{"line":136,"column":null}}],"line":133},"17":{"loc":{"start":{"line":139,"column":11},"end":{"line":156,"column":null}},"type":"cond-expr","locations":[{"start":{"line":140,"column":12},"end":{"line":153,"column":13}},{"start":{"line":153,"column":12},"end":{"line":156,"column":null}}],"line":139},"18":{"loc":{"start":{"line":139,"column":11},"end":{"line":139,"column":null}},"type":"binary-expr","locations":[{"start":{"line":139,"column":11},"end":{"line":139,"column":37}},{"start":{"line":139,"column":37},"end":{"line":139,"column":null}}],"line":139},"19":{"loc":{"start":{"line":153,"column":12},"end":{"line":156,"column":null}},"type":"binary-expr","locations":[{"start":{"line":153,"column":12},"end":{"line":153,"column":null}},{"start":{"line":154,"column":14},"end":{"line":156,"column":null}}],"line":153},"20":{"loc":{"start":{"line":165,"column":21},"end":{"line":165,"column":null}},"type":"binary-expr","locations":[{"start":{"line":165,"column":21},"end":{"line":165,"column":27}},{"start":{"line":165,"column":27},"end":{"line":165,"column":null}}],"line":165},"21":{"loc":{"start":{"line":168,"column":10},"end":{"line":169,"column":null}},"type":"if","locations":[{"start":{"line":168,"column":10},"end":{"line":169,"column":null}},{"start":{},"end":{}}],"line":168}},"s":{"0":5,"1":5,"2":5,"3":5,"4":5,"5":5,"6":5,"7":0,"8":5,"9":0,"10":5,"11":5,"12":0,"13":5,"14":0,"15":5,"16":0,"17":5,"18":5,"19":0,"20":10,"21":0,"22":0,"23":0,"24":0},"f":{"0":5,"1":0,"2":0,"3":5,"4":0,"5":10,"6":0,"7":0,"8":0},"b":{"0":[5,0],"1":[5,0],"2":[0,5],"3":[5,0],"4":[0,5],"5":[5,5],"6":[0,5],"7":[0,5],"8":[5,5],"9":[5,5],"10":[5,5],"11":[5,0,0],"12":[0,0],"13":[0,5],"14":[5,0],"15":[5,0],"16":[5,0],"17":[5,0],"18":[5,5],"19":[0,0],"20":[5,0],"21":[0,0]},"meta":{"lastBranch":22,"lastFunction":9,"lastStatement":25,"seen":{"f:19:16:19:32":0,"s:20:10:20:44":0,"s:22:18:24:7":1,"s:25:26:25:63":2,"s:30:11:31:28":3,"b:31:19:31:25:31:25:31:28":0,"s:35:11:36:42":4,"b:36:24:36:30:36:30:36:34":1,"s:37:10:37:63":5,"s:40:40:53:8":6,"b:41:6:51:Infinity:53:6:53:8":2,"b:40:40:40:70:40:70:40:Infinity":3,"f:41:31:41:Infinity":1,"s:42:34:51:Infinity":7,"s:55:8:59:Infinity":8,"f:55:29:55:Infinity":2,"s:57:6:57:Infinity":9,"s:62:2:66:Infinity":10,"f:62:2:62:18":3,"b:63:4:64:Infinity:undefined:undefined:undefined:undefined":4,"s:63:4:64:Infinity":11,"b:63:8:63:14:63:14:63:47":5,"s:64:6:64:Infinity":12,"b:68:2:72:Infinity:undefined:undefined:undefined:undefined":6,"s:68:2:72:Infinity":13,"s:69:4:72:Infinity":14,"b:76:2:80:Infinity:undefined:undefined:undefined:undefined":7,"s:76:2:80:Infinity":15,"b:76:6:76:24:76:24:76:36":8,"s:77:4:80:Infinity":16,"s:84:18:84:66":17,"s:86:2:172:Infinity":18,"b:93:9:93:Infinity:94:10:99:Infinity":9,"f:96:12:96:27":4,"s:96:27:96:51":19,"b:103:7:103:Infinity:104:8:106:Infinity":10,"b:110:9:110:37:110:37:110:Infinity:111:10:121:9":11,"b:116:27:116:33:116:33:116:Infinity":12,"b:124:82:124:86:124:86:124:Infinity":13,"b:124:16:124:44:124:44:124:82":14,"b:127:11:127:Infinity:128:12:130:Infinity":15,"b:133:11:133:Infinity:134:12:136:Infinity":16,"b:140:12:153:13:153:12:156:Infinity":17,"b:139:11:139:37:139:37:139:Infinity":18,"f:141:37:141:42":5,"s:142:16:149:Infinity":20,"b:153:12:153:Infinity:154:14:156:Infinity":19,"f:164:8:164:23":6,"s:164:23:164:48":21,"b:165:21:165:27:165:27:165:Infinity":20,"f:166:8:166:32":7,"s:167:10:167:Infinity":22,"b:168:10:169:Infinity:undefined:undefined:undefined:undefined":21,"s:168:10:169:Infinity":23,"s:169:12:169:Infinity":24,"f:169:41:169:53":8}}}
,"C:\\py_dev\\mkobi\\frontend\\src\\features\\dashboards\\ui\\charts\\ChartRenderer.tsx": {"path":"C:\\py_dev\\mkobi\\frontend\\src\\features\\dashboards\\ui\\charts\\ChartRenderer.tsx","statementMap":{"0":{"start":{"line":12,"column":17},"end":{"line":12,"column":35}},"1":{"start":{"line":13,"column":15},"end":{"line":13,"column":null}},"2":{"start":{"line":14,"column":19},"end":{"line":14,"column":null}},"3":{"start":{"line":15,"column":21},"end":{"line":15,"column":44}},"4":{"start":{"line":16,"column":22},"end":{"line":16,"column":null}},"5":{"start":{"line":19,"column":2},"end":{"line":20,"column":null}},"6":{"start":{"line":20,"column":4},"end":{"line":20,"column":null}},"7":{"start":{"line":24,"column":20},"end":{"line":24,"column":null}},"8":{"start":{"line":26,"column":8},"end":{"line":36,"column":null}},"9":{"start":{"line":27,"column":43},"end":{"line":31,"column":null}},"10":{"start":{"line":32,"column":4},"end":{"line":32,"column":null}},"11":{"start":{"line":32,"column":14},"end":{"line":32,"column":null}},"12":{"start":{"line":33,"column":4},"end":{"line":34,"column":null}},"13":{"start":{"line":34,"column":6},"end":{"line":34,"column":null}},"14":{"start":{"line":36,"column":4},"end":{"line":36,"column":null}},"15":{"start":{"line":39,"column":2},"end":{"line":52,"column":null}},"16":{"start":{"line":41,"column":87},"end":{"line":41,"column":89}},"17":{"start":{"line":42,"column":4},"end":{"line":50,"column":null}},"18":{"start":{"line":43,"column":20},"end":{"line":43,"column":54}},"19":{"start":{"line":44,"column":16},"end":{"line":44,"column":null}},"20":{"start":{"line":45,"column":16},"end":{"line":45,"column":43}},"21":{"start":{"line":46,"column":6},"end":{"line":47,"column":null}},"22":{"start":{"line":47,"column":8},"end":{"line":47,"column":null}},"23":{"start":{"line":49,"column":6},"end":{"line":49,"column":null}},"24":{"start":{"line":50,"column":6},"end":{"line":50,"column":null}},"25":{"start":{"line":52,"column":4},"end":{"line":52,"column":null}},"26":{"start":{"line":52,"column":57},"end":{"line":52,"column":90}},"27":{"start":{"line":56,"column":37},"end":{"line":56,"column":39}},"28":{"start":{"line":57,"column":37},"end":{"line":57,"column":39}},"29":{"start":{"line":58,"column":2},"end":{"line":60,"column":null}},"30":{"start":{"line":59,"column":4},"end":{"line":59,"column":null}},"31":{"start":{"line":60,"column":4},"end":{"line":60,"column":null}},"32":{"start":{"line":62,"column":2},"end":{"line":62,"column":null}},"33":{"start":{"line":66,"column":21},"end":{"line":66,"column":47}},"34":{"start":{"line":67,"column":2},"end":{"line":67,"column":null}}},"fnMap":{"0":{"name":"convertToPlotlyData","decl":{"start":{"line":9,"column":9},"end":{"line":9,"column":null}},"loc":{"start":{"line":11,"column":10},"end":{"line":62,"column":null}},"line":11},"1":{"name":"(anonymous_1)","decl":{"start":{"line":26,"column":8},"end":{"line":26,"column":21}},"loc":{"start":{"line":26,"column":101},"end":{"line":36,"column":null}},"line":26},"2":{"name":"(anonymous_2)","decl":{"start":{"line":52,"column":34},"end":{"line":52,"column":39}},"loc":{"start":{"line":52,"column":57},"end":{"line":52,"column":90}},"line":52},"3":{"name":"ChartRenderer","decl":{"start":{"line":65,"column":16},"end":{"line":65,"column":30}},"loc":{"start":{"line":65,"column":61},"end":{"line":67,"column":null}},"line":65}},"branchMap":{"0":{"loc":{"start":{"line":12,"column":17},"end":{"line":12,"column":35}},"type":"binary-expr","locations":[{"start":{"line":12,"column":17},"end":{"line":12,"column":33}},{"start":{"line":12,"column":33},"end":{"line":12,"column":35}}],"line":12},"1":{"loc":{"start":{"line":13,"column":15},"end":{"line":13,"column":null}},"type":"binary-expr","locations":[{"start":{"line":13,"column":15},"end":{"line":13,"column":27}},{"start":{"line":13,"column":27},"end":{"line":13,"column":null}}],"line":13},"2":{"loc":{"start":{"line":15,"column":21},"end":{"line":15,"column":44}},"type":"binary-expr","locations":[{"start":{"line":15,"column":21},"end":{"line":15,"column":39}},{"start":{"line":15,"column":39},"end":{"line":15,"column":44}}],"line":15},"3":{"loc":{"start":{"line":16,"column":22},"end":{"line":16,"column":null}},"type":"binary-expr","locations":[{"start":{"line":16,"column":22},"end":{"line":16,"column":44}},{"start":{"line":16,"column":44},"end":{"line":16,"column":null}}],"line":16},"4":{"loc":{"start":{"line":19,"column":2},"end":{"line":20,"column":null}},"type":"if","locations":[{"start":{"line":19,"column":2},"end":{"line":20,"column":null}},{"start":{},"end":{}}],"line":19},"5":{"loc":{"start":{"line":19,"column":6},"end":{"line":19,"column":77}},"type":"binary-expr","locations":[{"start":{"line":19,"column":6},"end":{"line":19,"column":31}},{"start":{"line":19,"column":31},"end":{"line":19,"column":55}},{"start":{"line":19,"column":55},"end":{"line":19,"column":77}}],"line":19},"6":{"loc":{"start":{"line":30,"column":12},"end":{"line":30,"column":null}},"type":"cond-expr","locations":[{"start":{"line":30,"column":35},"end":{"line":30,"column":43}},{"start":{"line":30,"column":43},"end":{"line":30,"column":null}}],"line":30},"7":{"loc":{"start":{"line":32,"column":4},"end":{"line":32,"column":null}},"type":"if","locations":[{"start":{"line":32,"column":4},"end":{"line":32,"column":null}},{"start":{},"end":{}}],"line":32},"8":{"loc":{"start":{"line":33,"column":4},"end":{"line":34,"column":null}},"type":"if","locations":[{"start":{"line":33,"column":4},"end":{"line":34,"column":null}},{"start":{},"end":{}}],"line":33},"9":{"loc":{"start":{"line":39,"column":2},"end":{"line":52,"column":null}},"type":"if","locations":[{"start":{"line":39,"column":2},"end":{"line":52,"column":null}},{"start":{},"end":{}}],"line":39},"10":{"loc":{"start":{"line":43,"column":27},"end":{"line":43,"column":54}},"type":"binary-expr","locations":[{"start":{"line":43,"column":27},"end":{"line":43,"column":44}},{"start":{"line":43,"column":44},"end":{"line":43,"column":54}}],"line":43},"11":{"loc":{"start":{"line":44,"column":16},"end":{"line":44,"column":null}},"type":"cond-expr","locations":[{"start":{"line":44,"column":64},"end":{"line":44,"column":81}},{"start":{"line":44,"column":84},"end":{"line":44,"column":null}}],"line":44},"12":{"loc":{"start":{"line":44,"column":16},"end":{"line":44,"column":64}},"type":"binary-expr","locations":[{"start":{"line":44,"column":16},"end":{"line":44,"column":43}},{"start":{"line":44,"column":43},"end":{"line":44,"column":64}}],"line":44},"13":{"loc":{"start":{"line":45,"column":23},"end":{"line":45,"column":43}},"type":"binary-expr","locations":[{"start":{"line":45,"column":23},"end":{"line":45,"column":41}},{"start":{"line":45,"column":41},"end":{"line":45,"column":43}}],"line":45},"14":{"loc":{"start":{"line":46,"column":6},"end":{"line":47,"column":null}},"type":"if","locations":[{"start":{"line":46,"column":6},"end":{"line":47,"column":null}},{"start":{},"end":{}}],"line":46},"15":{"loc":{"start":{"line":60,"column":22},"end":{"line":60,"column":42}},"type":"binary-expr","locations":[{"start":{"line":60,"column":22},"end":{"line":60,"column":40}},{"start":{"line":60,"column":40},"end":{"line":60,"column":42}}],"line":60}},"s":{"0":10,"1":10,"2":10,"3":10,"4":10,"5":10,"6":10,"7":0,"8":0,"9":0,"10":0,"11":0,"12":0,"13":0,"14":0,"15":0,"16":0,"17":0,"18":0,"19":0,"20":0,"21":0,"22":0,"23":0,"24":0,"25":0,"26":0,"27":0,"28":0,"29":0,"30":0,"31":0,"32":0,"33":10,"34":10},"f":{"0":10,"1":0,"2":0,"3":10},"b":{"0":[10,10],"1":[10,10],"2":[10,10],"3":[10,10],"4":[10,0],"5":[10,10,10],"6":[0,0],"7":[0,0],"8":[0,0],"9":[0,0],"10":[0,0],"11":[0,0],"12":[0,0],"13":[0,0],"14":[0,0],"15":[0,0]},"meta":{"lastBranch":16,"lastFunction":4,"lastStatement":35,"seen":{"f:9:9:9:Infinity":0,"s:12:17:12:35":0,"b:12:17:12:33:12:33:12:35":0,"s:13:15:13:Infinity":1,"b:13:15:13:27:13:27:13:Infinity":1,"s:14:19:14:Infinity":2,"s:15:21:15:44":3,"b:15:21:15:39:15:39:15:44":2,"s:16:22:16:Infinity":4,"b:16:22:16:44:16:44:16:Infinity":3,"b:19:2:20:Infinity:undefined:undefined:undefined:undefined":4,"s:19:2:20:Infinity":5,"b:19:6:19:31:19:31:19:55:19:55:19:77":5,"s:20:4:20:Infinity":6,"s:24:20:24:Infinity":7,"s:26:8:36:Infinity":8,"f:26:8:26:21":1,"s:27:43:31:Infinity":9,"b:30:35:30:43:30:43:30:Infinity":6,"b:32:4:32:Infinity:undefined:undefined:undefined:undefined":7,"s:32:4:32:Infinity":10,"s:32:14:32:Infinity":11,"b:33:4:34:Infinity:undefined:undefined:undefined:undefined":8,"s:33:4:34:Infinity":12,"s:34:6:34:Infinity":13,"s:36:4:36:Infinity":14,"b:39:2:52:Infinity:undefined:undefined:undefined:undefined":9,"s:39:2:52:Infinity":15,"s:41:87:41:89":16,"s:42:4:50:Infinity":17,"s:43:20:43:54":18,"b:43:27:43:44:43:44:43:54":10,"s:44:16:44:Infinity":19,"b:44:64:44:81:44:84:44:Infinity":11,"b:44:16:44:43:44:43:44:64":12,"s:45:16:45:43":20,"b:45:23:45:41:45:41:45:43":13,"b:46:6:47:Infinity:undefined:undefined:undefined:undefined":14,"s:46:6:47:Infinity":21,"s:47:8:47:Infinity":22,"s:49:6:49:Infinity":23,"s:50:6:50:Infinity":24,"s:52:4:52:Infinity":25,"f:52:34:52:39":2,"s:52:57:52:90":26,"s:56:37:56:39":27,"s:57:37:57:39":28,"s:58:2:60:Infinity":29,"s:59:4:59:Infinity":30,"s:60:4:60:Infinity":31,"b:60:22:60:40:60:40:60:42":15,"s:62:2:62:Infinity":32,"f:65:16:65:30":3,"s:66:21:66:47":33,"s:67:2:67:Infinity":34}}}
,"C:\\py_dev\\mkobi\\frontend\\src\\features\\dashboards\\ui\\charts\\PlotlyChart.tsx": {"path":"C:\\py_dev\\mkobi\\frontend\\src\\features\\dashboards\\ui\\charts\\PlotlyChart.tsx","statementMap":{},"fnMap":{},"branchMap":{},"s":{},"f":{},"b":{},"meta":{"lastBranch":0,"lastFunction":0,"lastStatement":0,"seen":{}}}
,"C:\\py_dev\\mkobi\\frontend\\src\\features\\upload\\model\\errorMessages.ts": {"path":"C:\\py_dev\\mkobi\\frontend\\src\\features\\upload\\model\\errorMessages.ts","statementMap":{"0":{"start":{"line":7,"column":71},"end":{"line":13,"column":null}}},"fnMap":{},"branchMap":{},"s":{"0":1},"f":{},"b":{},"meta":{"lastBranch":0,"lastFunction":0,"lastStatement":1,"seen":{"s:7:71:13:Infinity":0}}}
,"C:\\py_dev\\mkobi\\frontend\\src\\features\\upload\\ui\\FileDropzone.tsx": {"path":"C:\\py_dev\\mkobi\\frontend\\src\\features\\upload\\ui\\FileDropzone.tsx","statementMap":{"0":{"start":{"line":25,"column":28},"end":{"line":25,"column":null}},"1":{"start":{"line":28,"column":8},"end":{"line":55,"column":null}},"2":{"start":{"line":31,"column":25},"end":{"line":42,"column":null}},"3":{"start":{"line":32,"column":25},"end":{"line":32,"column":48}},"4":{"start":{"line":34,"column":10},"end":{"line":36,"column":63}},"5":{"start":{"line":38,"column":8},"end":{"line":39,"column":null}},"6":{"start":{"line":39,"column":10},"end":{"line":39,"column":null}},"7":{"start":{"line":41,"column":8},"end":{"line":41,"column":null}},"8":{"start":{"line":44,"column":6},"end":{"line":45,"column":null}},"9":{"start":{"line":45,"column":8},"end":{"line":45,"column":null}},"10":{"start":{"line":48,"column":6},"end":{"line":52,"column":null}},"11":{"start":{"line":49,"column":8},"end":{"line":52,"column":null}},"12":{"start":{"line":50,"column":25},"end":{"line":50,"column":74}},"13":{"start":{"line":50,"column":53},"end":{"line":50,"column":63}},"14":{"start":{"line":51,"column":10},"end":{"line":51,"column":null}},"15":{"start":{"line":58,"column":39},"end":{"line":66,"column":4}},"16":{"start":{"line":68,"column":8},"end":{"line":71,"column":null}},"17":{"start":{"line":69,"column":4},"end":{"line":69,"column":null}},"18":{"start":{"line":69,"column":38},"end":{"line":69,"column":null}},"19":{"start":{"line":70,"column":4},"end":{"line":70,"column":null}},"20":{"start":{"line":70,"column":35},"end":{"line":70,"column":null}},"21":{"start":{"line":71,"column":4},"end":{"line":71,"column":null}},"22":{"start":{"line":74,"column":2},"end":{"line":143,"column":null}},"23":{"start":{"line":116,"column":12},"end":{"line":139,"column":null}},"24":{"start":{"line":127,"column":33},"end":{"line":127,"column":56}}},"fnMap":{"0":{"name":"FileDropzone","decl":{"start":{"line":27,"column":16},"end":{"line":27,"column":29}},"loc":{"start":{"line":27,"column":108},"end":{"line":143,"column":null}},"line":27},"1":{"name":"(anonymous_1)","decl":{"start":{"line":28,"column":17},"end":{"line":28,"column":null}},"loc":{"start":{"line":29,"column":58},"end":{"line":55,"column":5}},"line":29},"2":{"name":"(anonymous_2)","decl":{"start":{"line":31,"column":39},"end":{"line":31,"column":47}},"loc":{"start":{"line":31,"column":56},"end":{"line":42,"column":null}},"line":31},"3":{"name":"(anonymous_3)","decl":{"start":{"line":49,"column":17},"end":{"line":49,"column":26}},"loc":{"start":{"line":49,"column":40},"end":{"line":52,"column":null}},"line":49},"4":{"name":"(anonymous_4)","decl":{"start":{"line":50,"column":42},"end":{"line":50,"column":47}},"loc":{"start":{"line":50,"column":53},"end":{"line":50,"column":63}},"line":50},"5":{"name":"(anonymous_5)","decl":{"start":{"line":68,"column":8},"end":{"line":68,"column":23}},"loc":{"start":{"line":68,"column":44},"end":{"line":71,"column":null}},"line":68},"6":{"name":"(anonymous_6)","decl":{"start":{"line":115,"column":25},"end":{"line":115,"column":30}},"loc":{"start":{"line":116,"column":12},"end":{"line":139,"column":null}},"line":116},"7":{"name":"(anonymous_7)","decl":{"start":{"line":127,"column":18},"end":{"line":127,"column":33}},"loc":{"start":{"line":127,"column":33},"end":{"line":127,"column":56}},"line":127}},"branchMap":{"0":{"loc":{"start":{"line":34,"column":10},"end":{"line":36,"column":63}},"type":"binary-expr","locations":[{"start":{"line":34,"column":10},"end":{"line":34,"column":35}},{"start":{"line":35,"column":10},"end":{"line":35,"column":38}},{"start":{"line":36,"column":11},"end":{"line":36,"column":24}},{"start":{"line":36,"column":24},"end":{"line":36,"column":63}}],"line":34},"1":{"loc":{"start":{"line":38,"column":8},"end":{"line":39,"column":null}},"type":"if","locations":[{"start":{"line":38,"column":8},"end":{"line":39,"column":null}},{"start":{},"end":{}}],"line":38},"2":{"loc":{"start":{"line":44,"column":6},"end":{"line":45,"column":null}},"type":"if","locations":[{"start":{"line":44,"column":6},"end":{"line":45,"column":null}},{"start":{},"end":{}}],"line":44},"3":{"loc":{"start":{"line":48,"column":6},"end":{"line":52,"column":null}},"type":"if","locations":[{"start":{"line":48,"column":6},"end":{"line":52,"column":null}},{"start":{},"end":{}}],"line":48},"4":{"loc":{"start":{"line":69,"column":4},"end":{"line":69,"column":null}},"type":"if","locations":[{"start":{"line":69,"column":4},"end":{"line":69,"column":null}},{"start":{},"end":{}}],"line":69},"5":{"loc":{"start":{"line":70,"column":4},"end":{"line":70,"column":null}},"type":"if","locations":[{"start":{"line":70,"column":4},"end":{"line":70,"column":null}},{"start":{},"end":{}}],"line":70},"6":{"loc":{"start":{"line":85,"column":23},"end":{"line":85,"column":null}},"type":"cond-expr","locations":[{"start":{"line":85,"column":38},"end":{"line":85,"column":55}},{"start":{"line":85,"column":55},"end":{"line":85,"column":null}}],"line":85},"7":{"loc":{"start":{"line":86,"column":27},"end":{"line":86,"column":null}},"type":"cond-expr","locations":[{"start":{"line":86,"column":42},"end":{"line":86,"column":59}},{"start":{"line":86,"column":59},"end":{"line":86,"column":null}}],"line":86},"8":{"loc":{"start":{"line":98,"column":11},"end":{"line":98,"column":null}},"type":"cond-expr","locations":[{"start":{"line":98,"column":26},"end":{"line":98,"column":49}},{"start":{"line":98,"column":49},"end":{"line":98,"column":null}}],"line":98},"9":{"loc":{"start":{"line":110,"column":9},"end":{"line":110,"column":null}},"type":"cond-expr","locations":[{"start":{"line":110,"column":24},"end":{"line":110,"column":69}},{"start":{"line":110,"column":69},"end":{"line":110,"column":null}}],"line":110},"10":{"loc":{"start":{"line":113,"column":7},"end":{"line":141,"column":null}},"type":"binary-expr","locations":[{"start":{"line":113,"column":7},"end":{"line":113,"column":null}},{"start":{"line":114,"column":8},"end":{"line":141,"column":null}}],"line":113}},"s":{"0":1,"1":8,"2":0,"3":0,"4":0,"5":0,"6":0,"7":0,"8":0,"9":0,"10":0,"11":0,"12":0,"13":0,"14":0,"15":8,"16":8,"17":6,"18":1,"19":5,"20":5,"21":0,"22":8,"23":6,"24":1},"f":{"0":8,"1":0,"2":0,"3":0,"4":0,"5":6,"6":6,"7":1},"b":{"0":[0,0,0,0],"1":[0,0],"2":[0,0],"3":[0,0],"4":[1,5],"5":[5,0],"6":[1,7],"7":[1,7],"8":[1,7],"9":[1,7],"10":[8,5]},"meta":{"lastBranch":11,"lastFunction":8,"lastStatement":25,"seen":{"s:25:28:25:Infinity":0,"f:27:16:27:29":0,"s:28:8:55:Infinity":1,"f:28:17:28:Infinity":1,"s:31:25:42:Infinity":2,"f:31:39:31:47":2,"s:32:25:32:48":3,"s:34:10:36:63":4,"b:34:10:34:35:35:10:35:38:36:11:36:24:36:24:36:63":0,"b:38:8:39:Infinity:undefined:undefined:undefined:undefined":1,"s:38:8:39:Infinity":5,"s:39:10:39:Infinity":6,"s:41:8:41:Infinity":7,"b:44:6:45:Infinity:undefined:undefined:undefined:undefined":2,"s:44:6:45:Infinity":8,"s:45:8:45:Infinity":9,"b:48:6:52:Infinity:undefined:undefined:undefined:undefined":3,"s:48:6:52:Infinity":10,"s:49:8:52:Infinity":11,"f:49:17:49:26":3,"s:50:25:50:74":12,"f:50:42:50:47":4,"s:50:53:50:63":13,"s:51:10:51:Infinity":14,"s:58:39:66:4":15,"s:68:8:71:Infinity":16,"f:68:8:68:23":5,"b:69:4:69:Infinity:undefined:undefined:undefined:undefined":4,"s:69:4:69:Infinity":17,"s:69:38:69:Infinity":18,"b:70:4:70:Infinity:undefined:undefined:undefined:undefined":5,"s:70:4:70:Infinity":19,"s:70:35:70:Infinity":20,"s:71:4:71:Infinity":21,"s:74:2:143:Infinity":22,"b:85:38:85:55:85:55:85:Infinity":6,"b:86:42:86:59:86:59:86:Infinity":7,"b:98:26:98:49:98:49:98:Infinity":8,"b:110:24:110:69:110:69:110:Infinity":9,"b:113:7:113:Infinity:114:8:141:Infinity":10,"f:115:25:115:30":6,"s:116:12:139:Infinity":23,"f:127:18:127:33":7,"s:127:33:127:56":24}}}
,"C:\\py_dev\\mkobi\\frontend\\src\\features\\users\\model\\errorMessages.ts": {"path":"C:\\py_dev\\mkobi\\frontend\\src\\features\\users\\model\\errorMessages.ts","statementMap":{"0":{"start":{"line":7,"column":69},"end":{"line":10,"column":null}}},"fnMap":{},"branchMap":{},"s":{"0":1},"f":{},"b":{},"meta":{"lastBranch":0,"lastFunction":0,"lastStatement":1,"seen":{"s:7:69:10:Infinity":0}}}
,"C:\\py_dev\\mkobi\\frontend\\src\\shared\\api\\errorHandler.ts": {"path":"C:\\py_dev\\mkobi\\frontend\\src\\shared\\api\\errorHandler.ts","statementMap":{"0":{"start":{"line":39,"column":2},"end":{"line":85,"column":null}},"1":{"start":{"line":40,"column":25},"end":{"line":40,"column":null}},"2":{"start":{"line":42,"column":4},"end":{"line":76,"column":null}},"3":{"start":{"line":43,"column":19},"end":{"line":43,"column":null}},"4":{"start":{"line":46,"column":6},"end":{"line":53,"column":null}},"5":{"start":{"line":47,"column":33},"end":{"line":47,"column":null}},"6":{"start":{"line":48,"column":30},"end":{"line":48,"column":66}},"7":{"start":{"line":49,"column":8},"end":{"line":53,"column":null}},"8":{"start":{"line":57,"column":6},"end":{"line":76,"column":null}},"9":{"start":{"line":58,"column":21},"end":{"line":58,"column":44}},"10":{"start":{"line":59,"column":24},"end":{"line":59,"column":null}},"11":{"start":{"line":62,"column":8},"end":{"line":69,"column":null}},"12":{"start":{"line":63,"column":35},"end":{"line":63,"column":null}},"13":{"start":{"line":64,"column":32},"end":{"line":64,"column":68}},"14":{"start":{"line":65,"column":10},"end":{"line":69,"column":null}},"15":{"start":{"line":72,"column":8},"end":{"line":76,"column":null}},"16":{"start":{"line":81,"column":4},"end":{"line":85,"column":null}},"17":{"start":{"line":82,"column":6},"end":{"line":85,"column":null}},"18":{"start":{"line":90,"column":2},"end":{"line":94,"column":null}},"19":{"start":{"line":91,"column":4},"end":{"line":94,"column":null}},"20":{"start":{"line":98,"column":2},"end":{"line":101,"column":null}},"21":{"start":{"line":108,"column":2},"end":{"line":111,"column":null}},"22":{"start":{"line":119,"column":2},"end":{"line":120,"column":null}},"23":{"start":{"line":120,"column":4},"end":{"line":120,"column":null}},"24":{"start":{"line":122,"column":2},"end":{"line":122,"column":null}},"25":{"start":{"line":129,"column":2},"end":{"line":137,"column":null}},"26":{"start":{"line":131,"column":6},"end":{"line":133,"column":null}},"27":{"start":{"line":132,"column":22},"end":{"line":132,"column":null}},"28":{"start":{"line":133,"column":8},"end":{"line":133,"column":null}},"29":{"start":{"line":135,"column":6},"end":{"line":135,"column":null}},"30":{"start":{"line":137,"column":36},"end":{"line":137,"column":49}}},"fnMap":{"0":{"name":"extractApiError","decl":{"start":{"line":37,"column":16},"end":{"line":37,"column":32}},"loc":{"start":{"line":37,"column":71},"end":{"line":101,"column":null}},"line":37},"1":{"name":"isAxiosError","decl":{"start":{"line":107,"column":9},"end":{"line":107,"column":22}},"loc":{"start":{"line":107,"column":63},"end":{"line":111,"column":null}},"line":107},"2":{"name":"mapErrorCode","decl":{"start":{"line":118,"column":9},"end":{"line":118,"column":22}},"loc":{"start":{"line":118,"column":47},"end":{"line":122,"column":null}},"line":118},"3":{"name":"extractFieldErrors","decl":{"start":{"line":128,"column":9},"end":{"line":128,"column":28}},"loc":{"start":{"line":128,"column":70},"end":{"line":137,"column":null}},"line":128},"4":{"name":"(anonymous_4)","decl":{"start":{"line":130,"column":5},"end":{"line":130,"column":10}},"loc":{"start":{"line":130,"column":18},"end":{"line":136,"column":null}},"line":130},"5":{"name":"(anonymous_5)","decl":{"start":{"line":137,"column":5},"end":{"line":137,"column":13}},"loc":{"start":{"line":137,"column":36},"end":{"line":137,"column":49}},"line":137}},"branchMap":{"0":{"loc":{"start":{"line":39,"column":2},"end":{"line":85,"column":null}},"type":"if","locations":[{"start":{"line":39,"column":2},"end":{"line":85,"column":null}},{"start":{},"end":{}}],"line":39},"1":{"loc":{"start":{"line":42,"column":4},"end":{"line":76,"column":null}},"type":"if","locations":[{"start":{"line":42,"column":4},"end":{"line":76,"column":null}},{"start":{},"end":{}}],"line":42},"2":{"loc":{"start":{"line":42,"column":8},"end":{"line":42,"column":58}},"type":"binary-expr","locations":[{"start":{"line":42,"column":8},"end":{"line":42,"column":24}},{"start":{"line":42,"column":24},"end":{"line":42,"column":58}}],"line":42},"3":{"loc":{"start":{"line":46,"column":6},"end":{"line":53,"column":null}},"type":"if","locations":[{"start":{"line":46,"column":6},"end":{"line":53,"column":null}},{"start":{},"end":{}}],"line":46},"4":{"loc":{"start":{"line":46,"column":10},"end":{"line":46,"column":111}},"type":"binary-expr","locations":[{"start":{"line":46,"column":10},"end":{"line":46,"column":31}},{"start":{"line":46,"column":31},"end":{"line":46,"column":65}},{"start":{"line":46,"column":65},"end":{"line":46,"column":85}},{"start":{"line":46,"column":85},"end":{"line":46,"column":111}}],"line":46},"5":{"loc":{"start":{"line":51,"column":19},"end":{"line":51,"column":null}},"type":"cond-expr","locations":[{"start":{"line":51,"column":46},"end":{"line":51,"column":70}},{"start":{"line":51,"column":73},"end":{"line":51,"column":null}}],"line":51},"6":{"loc":{"start":{"line":57,"column":6},"end":{"line":76,"column":null}},"type":"if","locations":[{"start":{"line":57,"column":6},"end":{"line":76,"column":null}},{"start":{},"end":{}}],"line":57},"7":{"loc":{"start":{"line":57,"column":10},"end":{"line":57,"column":59}},"type":"binary-expr","locations":[{"start":{"line":57,"column":10},"end":{"line":57,"column":28}},{"start":{"line":57,"column":28},"end":{"line":57,"column":59}}],"line":57},"8":{"loc":{"start":{"line":59,"column":24},"end":{"line":59,"column":null}},"type":"cond-expr","locations":[{"start":{"line":59,"column":58},"end":{"line":59,"column":72}},{"start":{"line":59,"column":72},"end":{"line":59,"column":null}}],"line":59},"9":{"loc":{"start":{"line":62,"column":8},"end":{"line":69,"column":null}},"type":"if","locations":[{"start":{"line":62,"column":8},"end":{"line":69,"column":null}},{"start":{},"end":{}}],"line":62},"10":{"loc":{"start":{"line":62,"column":12},"end":{"line":62,"column":97}},"type":"binary-expr","locations":[{"start":{"line":62,"column":12},"end":{"line":62,"column":51}},{"start":{"line":62,"column":51},"end":{"line":62,"column":71}},{"start":{"line":62,"column":71},"end":{"line":62,"column":97}}],"line":62},"11":{"loc":{"start":{"line":67,"column":21},"end":{"line":67,"column":null}},"type":"cond-expr","locations":[{"start":{"line":67,"column":48},"end":{"line":67,"column":72}},{"start":{"line":67,"column":75},"end":{"line":67,"column":null}}],"line":67},"12":{"loc":{"start":{"line":67,"column":75},"end":{"line":67,"column":null}},"type":"binary-expr","locations":[{"start":{"line":67,"column":75},"end":{"line":67,"column":86}},{"start":{"line":67,"column":86},"end":{"line":67,"column":null}}],"line":67},"13":{"loc":{"start":{"line":74,"column":19},"end":{"line":74,"column":null}},"type":"binary-expr","locations":[{"start":{"line":74,"column":19},"end":{"line":74,"column":30}},{"start":{"line":74,"column":30},"end":{"line":74,"column":null}}],"line":74},"14":{"loc":{"start":{"line":81,"column":4},"end":{"line":85,"column":null}},"type":"if","locations":[{"start":{"line":81,"column":4},"end":{"line":85,"column":null}},{"start":{},"end":{}}],"line":81},"15":{"loc":{"start":{"line":90,"column":2},"end":{"line":94,"column":null}},"type":"if","locations":[{"start":{"line":90,"column":2},"end":{"line":94,"column":null}},{"start":{},"end":{}}],"line":90},"16":{"loc":{"start":{"line":90,"column":6},"end":{"line":90,"column":47}},"type":"binary-expr","locations":[{"start":{"line":90,"column":6},"end":{"line":90,"column":32}},{"start":{"line":90,"column":32},"end":{"line":90,"column":47}}],"line":90},"17":{"loc":{"start":{"line":109,"column":4},"end":{"line":111,"column":null}},"type":"binary-expr","locations":[{"start":{"line":109,"column":4},"end":{"line":109,"column":null}},{"start":{"line":110,"column":4},"end":{"line":110,"column":null}},{"start":{"line":111,"column":5},"end":{"line":111,"column":28}},{"start":{"line":111,"column":28},"end":{"line":111,"column":null}}],"line":109},"18":{"loc":{"start":{"line":119,"column":2},"end":{"line":120,"column":null}},"type":"if","locations":[{"start":{"line":119,"column":2},"end":{"line":120,"column":null}},{"start":{},"end":{}}],"line":119},"19":{"loc":{"start":{"line":131,"column":6},"end":{"line":133,"column":null}},"type":"if","locations":[{"start":{"line":131,"column":6},"end":{"line":133,"column":null}},{"start":{},"end":{}}],"line":131},"20":{"loc":{"start":{"line":131,"column":10},"end":{"line":131,"column":41}},"type":"binary-expr","locations":[{"start":{"line":131,"column":10},"end":{"line":131,"column":21}},{"start":{"line":131,"column":21},"end":{"line":131,"column":41}}],"line":131}},"s":{"0":11,"1":8,"2":8,"3":6,"4":6,"5":1,"6":1,"7":1,"8":5,"9":5,"10":5,"11":5,"12":2,"13":2,"14":2,"15":3,"16":2,"17":2,"18":3,"19":0,"20":3,"21":11,"22":5,"23":4,"24":1,"25":3,"26":3,"27":2,"28":2,"29":1,"30":3},"f":{"0":11,"1":11,"2":5,"3":3,"4":3,"5":3},"b":{"0":[8,3],"1":[6,2],"2":[8,6],"3":[1,5],"4":[6,1,1,1],"5":[1,0],"6":[5,0],"7":[5,5],"8":[4,1],"9":[2,3],"10":[5,2,2],"11":[1,1],"12":[1,0],"13":[3,0],"14":[2,0],"15":[0,3],"16":[3,0],"17":[11,10,9,2],"18":[4,1],"19":[2,1],"20":[3,2]},"meta":{"lastBranch":21,"lastFunction":6,"lastStatement":31,"seen":{"f:37:16:37:32":0,"b:39:2:85:Infinity:undefined:undefined:undefined:undefined":0,"s:39:2:85:Infinity":0,"s:40:25:40:Infinity":1,"b:42:4:76:Infinity:undefined:undefined:undefined:undefined":1,"s:42:4:76:Infinity":2,"b:42:8:42:24:42:24:42:58":2,"s:43:19:43:Infinity":3,"b:46:6:53:Infinity:undefined:undefined:undefined:undefined":3,"s:46:6:53:Infinity":4,"b:46:10:46:31:46:31:46:65:46:65:46:85:46:85:46:111":4,"s:47:33:47:Infinity":5,"s:48:30:48:66":6,"s:49:8:53:Infinity":7,"b:51:46:51:70:51:73:51:Infinity":5,"b:57:6:76:Infinity:undefined:undefined:undefined:undefined":6,"s:57:6:76:Infinity":8,"b:57:10:57:28:57:28:57:59":7,"s:58:21:58:44":9,"s:59:24:59:Infinity":10,"b:59:58:59:72:59:72:59:Infinity":8,"b:62:8:69:Infinity:undefined:undefined:undefined:undefined":9,"s:62:8:69:Infinity":11,"b:62:12:62:51:62:51:62:71:62:71:62:97":10,"s:63:35:63:Infinity":12,"s:64:32:64:68":13,"s:65:10:69:Infinity":14,"b:67:48:67:72:67:75:67:Infinity":11,"b:67:75:67:86:67:86:67:Infinity":12,"s:72:8:76:Infinity":15,"b:74:19:74:30:74:30:74:Infinity":13,"b:81:4:85:Infinity:undefined:undefined:undefined:undefined":14,"s:81:4:85:Infinity":16,"s:82:6:85:Infinity":17,"b:90:2:94:Infinity:undefined:undefined:undefined:undefined":15,"s:90:2:94:Infinity":18,"b:90:6:90:32:90:32:90:47":16,"s:91:4:94:Infinity":19,"s:98:2:101:Infinity":20,"f:107:9:107:22":1,"s:108:2:111:Infinity":21,"b:109:4:109:Infinity:110:4:110:Infinity:111:5:111:28:111:28:111:Infinity":17,"f:118:9:118:22":2,"b:119:2:120:Infinity:undefined:undefined:undefined:undefined":18,"s:119:2:120:Infinity":22,"s:120:4:120:Infinity":23,"s:122:2:122:Infinity":24,"f:128:9:128:28":3,"s:129:2:137:Infinity":25,"f:130:5:130:10":4,"b:131:6:133:Infinity:undefined:undefined:undefined:undefined":19,"s:131:6:133:Infinity":26,"b:131:10:131:21:131:21:131:41":20,"s:132:22:132:Infinity":27,"s:133:8:133:Infinity":28,"s:135:6:135:Infinity":29,"f:137:5:137:13":5,"s:137:36:137:49":30}}}
,"C:\\py_dev\\mkobi\\frontend\\src\\shared\\api\\errorMessages.ts": {"path":"C:\\py_dev\\mkobi\\frontend\\src\\shared\\api\\errorMessages.ts","statementMap":{"0":{"start":{"line":13,"column":62},"end":{"line":53,"column":null}},"1":{"start":{"line":58,"column":37},"end":{"line":58,"column":null}},"2":{"start":{"line":75,"column":2},"end":{"line":76,"column":null}},"3":{"start":{"line":76,"column":4},"end":{"line":76,"column":null}},"4":{"start":{"line":80,"column":2},"end":{"line":81,"column":null}},"5":{"start":{"line":81,"column":4},"end":{"line":81,"column":null}},"6":{"start":{"line":85,"column":2},"end":{"line":86,"column":null}},"7":{"start":{"line":86,"column":4},"end":{"line":86,"column":null}},"8":{"start":{"line":90,"column":2},"end":{"line":90,"column":null}}},"fnMap":{"0":{"name":"getErrorMessage","decl":{"start":{"line":69,"column":16},"end":{"line":69,"column":null}},"loc":{"start":{"line":73,"column":10},"end":{"line":90,"column":null}},"line":73}},"branchMap":{"0":{"loc":{"start":{"line":75,"column":2},"end":{"line":76,"column":null}},"type":"if","locations":[{"start":{"line":75,"column":2},"end":{"line":76,"column":null}},{"start":{},"end":{}}],"line":75},"1":{"loc":{"start":{"line":80,"column":2},"end":{"line":81,"column":null}},"type":"if","locations":[{"start":{"line":80,"column":2},"end":{"line":81,"column":null}},{"start":{},"end":{}}],"line":80},"2":{"loc":{"start":{"line":85,"column":2},"end":{"line":86,"column":null}},"type":"if","locations":[{"start":{"line":85,"column":2},"end":{"line":86,"column":null}},{"start":{},"end":{}}],"line":85}},"s":{"0":1,"1":1,"2":6,"3":2,"4":4,"5":4,"6":0,"7":0,"8":0},"f":{"0":6},"b":{"0":[2,4],"1":[4,0],"2":[0,0]},"meta":{"lastBranch":3,"lastFunction":1,"lastStatement":9,"seen":{"s:13:62:53:Infinity":0,"s:58:37:58:Infinity":1,"f:69:16:69:Infinity":0,"b:75:2:76:Infinity:undefined:undefined:undefined:undefined":0,"s:75:2:76:Infinity":2,"s:76:4:76:Infinity":3,"b:80:2:81:Infinity:undefined:undefined:undefined:undefined":1,"s:80:2:81:Infinity":4,"s:81:4:81:Infinity":5,"b:85:2:86:Infinity:undefined:undefined:undefined:undefined":2,"s:85:2:86:Infinity":6,"s:86:4:86:Infinity":7,"s:90:2:90:Infinity":8}}}
,"C:\\py_dev\\mkobi\\frontend\\src\\shared\\components\\PlotlyComponent.tsx": {"path":"C:\\py_dev\\mkobi\\frontend\\src\\shared\\components\\PlotlyComponent.tsx","statementMap":{"0":{"start":{"line":20,"column":12},"end":{"line":20,"column":null}},"1":{"start":{"line":21,"column":6},"end":{"line":23,"column":null}},"2":{"start":{"line":32,"column":2},"end":{"line":32,"column":null}},"3":{"start":{"line":32,"column":22},"end":{"line":32,"column":null}},"4":{"start":{"line":34,"column":20},"end":{"line":34,"column":55}},"5":{"start":{"line":36,"column":2},"end":{"line":50,"column":null}}},"fnMap":{"0":{"name":"PlotlyChart","decl":{"start":{"line":26,"column":16},"end":{"line":26,"column":28}},"loc":{"start":{"line":31,"column":21},"end":{"line":50,"column":null}},"line":31}},"branchMap":{"0":{"loc":{"start":{"line":21,"column":6},"end":{"line":23,"column":null}},"type":"binary-expr","locations":[{"start":{"line":22,"column":3},"end":{"line":22,"column":null}},{"start":{"line":23,"column":3},"end":{"line":23,"column":null}}],"line":21},"1":{"loc":{"start":{"line":22,"column":3},"end":{"line":22,"column":null}},"type":"cond-expr","locations":[{"start":{"line":22,"column":40},"end":{"line":22,"column":54}},{"start":{"line":22,"column":54},"end":{"line":22,"column":null}}],"line":22},"2":{"loc":{"start":{"line":23,"column":3},"end":{"line":23,"column":null}},"type":"cond-expr","locations":[{"start":{"line":23,"column":31},"end":{"line":23,"column":37}},{"start":{"line":23,"column":37},"end":{"line":23,"column":null}}],"line":23},"3":{"loc":{"start":{"line":32,"column":2},"end":{"line":32,"column":null}},"type":"if","locations":[{"start":{"line":32,"column":2},"end":{"line":32,"column":null}},{"start":{},"end":{}}],"line":32},"4":{"loc":{"start":{"line":34,"column":20},"end":{"line":34,"column":55}},"type":"cond-expr","locations":[{"start":{"line":34,"column":42},"end":{"line":34,"column":49}},{"start":{"line":34,"column":49},"end":{"line":34,"column":55}}],"line":34}},"s":{"0":1,"1":1,"2":13,"3":0,"4":13,"5":13},"f":{"0":13},"b":{"0":[1,1],"1":[0,1],"2":[1,0],"3":[0,13],"4":[1,12]},"meta":{"lastBranch":5,"lastFunction":1,"lastStatement":6,"seen":{"s:20:12:20:Infinity":0,"s:21:6:23:Infinity":1,"b:22:3:22:Infinity:23:3:23:Infinity":0,"b:22:40:22:54:22:54:22:Infinity":1,"b:23:31:23:37:23:37:23:Infinity":2,"f:26:16:26:28":0,"b:32:2:32:Infinity:undefined:undefined:undefined:undefined":3,"s:32:2:32:Infinity":2,"s:32:22:32:Infinity":3,"s:34:20:34:55":4,"b:34:42:34:49:34:49:34:55":4,"s:36:2:50:Infinity":5}}}
,"C:\\py_dev\\mkobi\\frontend\\src\\shared\\components\\ProtectedRoute.tsx": {"path":"C:\\py_dev\\mkobi\\frontend\\src\\shared\\components\\ProtectedRoute.tsx","statementMap":{"0":{"start":{"line":10,"column":23},"end":{"line":10,"column":46}},"1":{"start":{"line":11,"column":8},"end":{"line":11,"column":32}},"2":{"start":{"line":13,"column":2},"end":{"line":17,"column":null}},"3":{"start":{"line":14,"column":4},"end":{"line":17,"column":null}},"4":{"start":{"line":21,"column":2},"end":{"line":22,"column":null}},"5":{"start":{"line":22,"column":4},"end":{"line":22,"column":null}},"6":{"start":{"line":25,"column":2},"end":{"line":25,"column":null}}},"fnMap":{"0":{"name":"ProtectedRoute","decl":{"start":{"line":9,"column":16},"end":{"line":9,"column":31}},"loc":{"start":{"line":9,"column":66},"end":{"line":25,"column":null}},"line":9}},"branchMap":{"0":{"loc":{"start":{"line":13,"column":2},"end":{"line":17,"column":null}},"type":"if","locations":[{"start":{"line":13,"column":2},"end":{"line":17,"column":null}},{"start":{},"end":{}}],"line":13},"1":{"loc":{"start":{"line":21,"column":2},"end":{"line":22,"column":null}},"type":"if","locations":[{"start":{"line":21,"column":2},"end":{"line":22,"column":null}},{"start":{},"end":{}}],"line":21}},"s":{"0":4,"1":4,"2":4,"3":1,"4":3,"5":2,"6":1},"f":{"0":4},"b":{"0":[1,3],"1":[2,1]},"meta":{"lastBranch":2,"lastFunction":1,"lastStatement":7,"seen":{"f:9:16:9:31":0,"s:10:23:10:46":0,"s:11:8:11:32":1,"b:13:2:17:Infinity:undefined:undefined:undefined:undefined":0,"s:13:2:17:Infinity":2,"s:14:4:17:Infinity":3,"b:21:2:22:Infinity:undefined:undefined:undefined:undefined":1,"s:21:2:22:Infinity":4,"s:22:4:22:Infinity":5,"s:25:2:25:Infinity":6}}}
,"C:\\py_dev\\mkobi\\frontend\\src\\shared\\components\\RoleBasedAccess.tsx": {"path":"C:\\py_dev\\mkobi\\frontend\\src\\shared\\components\\RoleBasedAccess.tsx","statementMap":{"0":{"start":{"line":10,"column":10},"end":{"line":10,"column":28}},"1":{"start":{"line":12,"column":2},"end":{"line":13,"column":null}},"2":{"start":{"line":13,"column":4},"end":{"line":13,"column":null}},"3":{"start":{"line":16,"column":2},"end":{"line":16,"column":null}}},"fnMap":{"0":{"name":"RoleBasedAccess","decl":{"start":{"line":9,"column":16},"end":{"line":9,"column":32}},"loc":{"start":{"line":9,"column":92},"end":{"line":16,"column":null}},"line":9}},"branchMap":{"0":{"loc":{"start":{"line":9,"column":51},"end":{"line":9,"column":92}},"type":"default-arg","locations":[{"start":{"line":9,"column":62},"end":{"line":9,"column":92}}],"line":9},"1":{"loc":{"start":{"line":12,"column":2},"end":{"line":13,"column":null}},"type":"if","locations":[{"start":{"line":12,"column":2},"end":{"line":13,"column":null}},{"start":{},"end":{}}],"line":12},"2":{"loc":{"start":{"line":12,"column":6},"end":{"line":12,"column":41}},"type":"binary-expr","locations":[{"start":{"line":12,"column":6},"end":{"line":12,"column":15}},{"start":{"line":12,"column":15},"end":{"line":12,"column":41}}],"line":12}},"s":{"0":8,"1":8,"2":3,"3":5},"f":{"0":8},"b":{"0":[8],"1":[3,5],"2":[8,7]},"meta":{"lastBranch":3,"lastFunction":1,"lastStatement":4,"seen":{"f:9:16:9:32":0,"b:9:62:9:92":0,"s:10:10:10:28":0,"b:12:2:13:Infinity:undefined:undefined:undefined:undefined":1,"s:12:2:13:Infinity":1,"b:12:6:12:15:12:15:12:41":2,"s:13:4:13:Infinity":2,"s:16:2:16:Infinity":3}}}
,"C:\\py_dev\\mkobi\\frontend\\src\\shared\\types\\enums.ts": {"path":"C:\\py_dev\\mkobi\\frontend\\src\\shared\\types\\enums.ts","statementMap":{"0":{"start":{"line":7,"column":24},"end":{"line":11,"column":null}},"1":{"start":{"line":15,"column":35},"end":{"line":19,"column":null}},"2":{"start":{"line":23,"column":25},"end":{"line":28,"column":null}},"3":{"start":{"line":32,"column":26},"end":{"line":37,"column":null}},"4":{"start":{"line":41,"column":34},"end":{"line":45,"column":null}},"5":{"start":{"line":49,"column":26},"end":{"line":52,"column":null}},"6":{"start":{"line":56,"column":32},"end":{"line":64,"column":null}},"7":{"start":{"line":68,"column":32},"end":{"line":73,"column":null}},"8":{"start":{"line":81,"column":25},"end":{"line":121,"column":null}}},"fnMap":{},"branchMap":{},"s":{"0":3,"1":3,"2":3,"3":3,"4":3,"5":3,"6":3,"7":3,"8":3},"f":{},"b":{},"meta":{"lastBranch":0,"lastFunction":0,"lastStatement":9,"seen":{"s:7:24:11:Infinity":0,"s:15:35:19:Infinity":1,"s:23:25:28:Infinity":2,"s:32:26:37:Infinity":3,"s:41:34:45:Infinity":4,"s:49:26:52:Infinity":5,"s:56:32:64:Infinity":6,"s:68:32:73:Infinity":7,"s:81:25:121:Infinity":8}}}
,"C:\\py_dev\\mkobi\\frontend\\src\\shared\\types\\formSchemas.ts": {"path":"C:\\py_dev\\mkobi\\frontend\\src\\shared\\types\\formSchemas.ts","statementMap":{"0":{"start":{"line":3,"column":24},"end":{"line":3,"column":59}},"1":{"start":{"line":6,"column":27},"end":{"line":9,"column":2}},"2":{"start":{"line":14,"column":30},"end":{"line":19,"column":2}},"3":{"start":{"line":16,"column":19},"end":{"line":16,"column":null}},"4":{"start":{"line":17,"column":4},"end":{"line":17,"column":null}},"5":{"start":{"line":24,"column":37},"end":{"line":33,"column":2}},"6":{"start":{"line":38,"column":37},"end":{"line":41,"column":2}},"7":{"start":{"line":46,"column":33},"end":{"line":49,"column":2}},"8":{"start":{"line":54,"column":36},"end":{"line":61,"column":2}},"9":{"start":{"line":58,"column":20},"end":{"line":58,"column":65}}},"fnMap":{"0":{"name":"(anonymous_0)","decl":{"start":{"line":15,"column":52},"end":{"line":15,"column":60}},"loc":{"start":{"line":15,"column":70},"end":{"line":18,"column":7}},"line":15},"1":{"name":"(anonymous_1)","decl":{"start":{"line":58,"column":3},"end":{"line":58,"column":11}},"loc":{"start":{"line":58,"column":20},"end":{"line":58,"column":65}},"line":58}},"branchMap":{"0":{"loc":{"start":{"line":17,"column":11},"end":{"line":17,"column":54}},"type":"binary-expr","locations":[{"start":{"line":17,"column":11},"end":{"line":17,"column":21}},{"start":{"line":17,"column":21},"end":{"line":17,"column":54}}],"line":17}},"s":{"0":2,"1":2,"2":2,"3":7,"4":7,"5":2,"6":2,"7":2,"8":2,"9":4},"f":{"0":7,"1":4},"b":{"0":[7,5]},"meta":{"lastBranch":1,"lastFunction":2,"lastStatement":10,"seen":{"s:3:24:3:59":0,"s:6:27:9:2":1,"s:14:30:19:2":2,"f:15:52:15:60":0,"s:16:19:16:Infinity":3,"s:17:4:17:Infinity":4,"b:17:11:17:21:17:21:17:54":0,"s:24:37:33:2":5,"s:38:37:41:2":6,"s:46:33:49:2":7,"s:54:36:61:2":8,"f:58:3:58:11":1,"s:58:20:58:65":9}}}
}
