{"C:\\py_dev\\mkobi\\frontend\\src\\features\\auth\\index.ts": {"path":"C:\\py_dev\\mkobi\\frontend\\src\\features\\auth\\index.ts","statementMap":{},"fnMap":{},"branchMap":{},"s":{},"f":{},"b":{},"meta":{"lastBranch":0,"lastFunction":0,"lastStatement":0,"seen":{}}}
,"C:\\py_dev\\mkobi\\frontend\\src\\features\\auth\\model\\authToken.ts": {"path":"C:\\py_dev\\mkobi\\frontend\\src\\features\\auth\\model\\authToken.ts","statementMap":{"0":{"start":{"line":6,"column":25},"end":{"line":11,"column":null}},"1":{"start":{"line":27,"column":2},"end":{"line":45,"column":null}},"2":{"start":{"line":28,"column":18},"end":{"line":28,"column":33}},"3":{"start":{"line":29,"column":4},"end":{"line":30,"column":null}},"4":{"start":{"line":30,"column":6},"end":{"line":30,"column":null}},"5":{"start":{"line":33,"column":24},"end":{"line":33,"column":37}},"6":{"start":{"line":35,"column":32},"end":{"line":35,"column":54}},"7":{"start":{"line":36,"column":19},"end":{"line":36,"column":56}},"8":{"start":{"line":38,"column":4},"end":{"line":39,"column":null}},"9":{"start":{"line":39,"column":6},"end":{"line":39,"column":null}},"10":{"start":{"line":42,"column":4},"end":{"line":42,"column":null}},"11":{"start":{"line":45,"column":4},"end":{"line":45,"column":null}},"12":{"start":{"line":65,"column":33},"end":{"line":65,"column":null}},"13":{"start":{"line":66,"column":18},"end":{"line":66,"column":null}},"14":{"start":{"line":69,"column":18},"end":{"line":69,"column":null}},"15":{"start":{"line":73,"column":27},"end":{"line":73,"column":null}},"16":{"start":{"line":76,"column":2},"end":{"line":77,"column":null}},"17":{"start":{"line":77,"column":4},"end":{"line":77,"column":null}},"18":{"start":{"line":80,"column":2},"end":{"line":80,"column":null}},"19":{"start":{"line":84,"column":2},"end":{"line":89,"column":null}},"20":{"start":{"line":85,"column":4},"end":{"line":85,"column":null}},"21":{"start":{"line":88,"column":4},"end":{"line":89,"column":null}},"22":{"start":{"line":89,"column":6},"end":{"line":89,"column":null}},"23":{"start":{"line":95,"column":2},"end":{"line":95,"column":null}},"24":{"start":{"line":96,"column":2},"end":{"line":97,"column":null}},"25":{"start":{"line":97,"column":4},"end":{"line":97,"column":null}},"26":{"start":{"line":103,"column":2},"end":{"line":111,"column":null}},"27":{"start":{"line":104,"column":20},"end":{"line":104,"column":41}},"28":{"start":{"line":105,"column":4},"end":{"line":105,"column":null}},"29":{"start":{"line":105,"column":22},"end":{"line":105,"column":null}},"30":{"start":{"line":107,"column":27},"end":{"line":107,"column":null}},"31":{"start":{"line":108,"column":4},"end":{"line":108,"column":null}},"32":{"start":{"line":111,"column":4},"end":{"line":111,"column":null}},"33":{"start":{"line":116,"column":16},"end":{"line":116,"column":25}},"34":{"start":{"line":117,"column":2},"end":{"line":117,"column":null}},"35":{"start":{"line":117,"column":14},"end":{"line":117,"column":null}},"36":{"start":{"line":119,"column":2},"end":{"line":121,"column":null}},"37":{"start":{"line":120,"column":4},"end":{"line":120,"column":null}},"38":{"start":{"line":121,"column":4},"end":{"line":121,"column":null}},"39":{"start":{"line":124,"column":2},"end":{"line":124,"column":null}}},"fnMap":{"0":{"name":"parseJWTPayload","decl":{"start":{"line":26,"column":16},"end":{"line":26,"column":32}},"loc":{"start":{"line":26,"column":59},"end":{"line":45,"column":null}},"line":26},"1":{"name":"getToken","decl":{"start":{"line":75,"column":16},"end":{"line":75,"column":42}},"loc":{"start":{"line":75,"column":42},"end":{"line":80,"column":null}},"line":75},"2":{"name":"setToken","decl":{"start":{"line":83,"column":16},"end":{"line":83,"column":25}},"loc":{"start":{"line":83,"column":46},"end":{"line":89,"column":null}},"line":83},"3":{"name":"removeToken","decl":{"start":{"line":94,"column":16},"end":{"line":94,"column":36}},"loc":{"start":{"line":94,"column":36},"end":{"line":97,"column":null}},"line":94},"4":{"name":"isTokenExpired","decl":{"start":{"line":102,"column":16},"end":{"line":102,"column":31}},"loc":{"start":{"line":102,"column":55},"end":{"line":111,"column":null}},"line":102},"5":{"name":"getTokenWithExpirationCheck","decl":{"start":{"line":115,"column":16},"end":{"line":115,"column":61}},"loc":{"start":{"line":115,"column":61},"end":{"line":124,"column":null}},"line":115}},"branchMap":{"0":{"loc":{"start":{"line":29,"column":4},"end":{"line":30,"column":null}},"type":"if","locations":[{"start":{"line":29,"column":4},"end":{"line":30,"column":null}},{"start":{},"end":{}}],"line":29},"1":{"loc":{"start":{"line":38,"column":4},"end":{"line":39,"column":null}},"type":"if","locations":[{"start":{"line":38,"column":4},"end":{"line":39,"column":null}},{"start":{},"end":{}}],"line":38},"2":{"loc":{"start":{"line":76,"column":2},"end":{"line":77,"column":null}},"type":"if","locations":[{"start":{"line":76,"column":2},"end":{"line":77,"column":null}},{"start":{},"end":{}}],"line":76},"3":{"loc":{"start":{"line":80,"column":9},"end":{"line":80,"column":null}},"type":"cond-expr","locations":[{"start":{"line":80,"column":21},"end":{"line":80,"column":54}},{"start":{"line":80,"column":57},"end":{"line":80,"column":null}}],"line":80},"4":{"loc":{"start":{"line":84,"column":2},"end":{"line":89,"column":null}},"type":"if","locations":[{"start":{"line":84,"column":2},"end":{"line":89,"column":null}},{"start":{"line":86,"column":9},"end":{"line":89,"column":null}}],"line":84},"5":{"loc":{"start":{"line":88,"column":4},"end":{"line":89,"column":null}},"type":"if","locations":[{"start":{"line":88,"column":4},"end":{"line":89,"column":null}},{"start":{},"end":{}}],"line":88},"6":{"loc":{"start":{"line":96,"column":2},"end":{"line":97,"column":null}},"type":"if","locations":[{"start":{"line":96,"column":2},"end":{"line":97,"column":null}},{"start":{},"end":{}}],"line":96},"7":{"loc":{"start":{"line":105,"column":4},"end":{"line":105,"column":null}},"type":"if","locations":[{"start":{"line":105,"column":4},"end":{"line":105,"column":null}},{"start":{},"end":{}}],"line":105},"8":{"loc":{"start":{"line":117,"column":2},"end":{"line":117,"column":null}},"type":"if","locations":[{"start":{"line":117,"column":2},"end":{"line":117,"column":null}},{"start":{},"end":{}}],"line":117},"9":{"loc":{"start":{"line":119,"column":2},"end":{"line":121,"column":null}},"type":"if","locations":[{"start":{"line":119,"column":2},"end":{"line":121,"column":null}},{"start":{},"end":{}}],"line":119}},"s":{"0":1,"1":13,"2":13,"3":13,"4":4,"5":9,"6":9,"7":9,"8":9,"9":0,"10":8,"11":5,"12":1,"13":1,"14":1,"15":1,"16":9,"17":0,"18":9,"19":6,"20":0,"21":6,"22":6,"23":3,"24":3,"25":3,"26":7,"27":7,"28":7,"29":1,"30":4,"31":4,"32":2,"33":3,"34":3,"35":1,"36":2,"37":1,"38":1,"39":1},"f":{"0":13,"1":9,"2":6,"3":3,"4":7,"5":3},"b":{"0":[4,9],"1":[0,9],"2":[0,9],"3":[9,0],"4":[0,6],"5":[6,0],"6":[3,0],"7":[1,6],"8":[1,2],"9":[1,1]},"meta":{"lastBranch":10,"lastFunction":6,"lastStatement":40,"seen":{"s:6:25:11:Infinity":0,"f:26:16:26:32":0,"s:27:2:45:Infinity":1,"s:28:18:28:33":2,"b:29:4:30:Infinity:undefined:undefined:undefined:undefined":0,"s:29:4:30:Infinity":3,"s:30:6:30:Infinity":4,"s:33:24:33:37":5,"s:35:32:35:54":6,"s:36:19:36:56":7,"b:38:4:39:Infinity:undefined:undefined:undefined:undefined":1,"s:38:4:39:Infinity":8,"s:39:6:39:Infinity":9,"s:42:4:42:Infinity":10,"s:45:4:45:Infinity":11,"s:65:33:65:Infinity":12,"s:66:18:66:Infinity":13,"s:69:18:69:Infinity":14,"s:73:27:73:Infinity":15,"f:75:16:75:42":1,"b:76:2:77:Infinity:undefined:undefined:undefined:undefined":2,"s:76:2:77:Infinity":16,"s:77:4:77:Infinity":17,"s:80:2:80:Infinity":18,"b:80:21:80:54:80:57:80:Infinity":3,"f:83:16:83:25":2,"b:84:2:89:Infinity:86:9:89:Infinity":4,"s:84:2:89:Infinity":19,"s:85:4:85:Infinity":20,"b:88:4:89:Infinity:undefined:undefined:undefined:undefined":5,"s:88:4:89:Infinity":21,"s:89:6:89:Infinity":22,"f:94:16:94:36":3,"s:95:2:95:Infinity":23,"b:96:2:97:Infinity:undefined:undefined:undefined:undefined":6,"s:96:2:97:Infinity":24,"s:97:4:97:Infinity":25,"f:102:16:102:31":4,"s:103:2:111:Infinity":26,"s:104:20:104:41":27,"b:105:4:105:Infinity:undefined:undefined:undefined:undefined":7,"s:105:4:105:Infinity":28,"s:105:22:105:Infinity":29,"s:107:27:107:Infinity":30,"s:108:4:108:Infinity":31,"s:111:4:111:Infinity":32,"f:115:16:115:61":5,"s:116:16:116:25":33,"b:117:2:117:Infinity:undefined:undefined:undefined:undefined":8,"s:117:2:117:Infinity":34,"s:117:14:117:Infinity":35,"b:119:2:121:Infinity:undefined:undefined:undefined:undefined":9,"s:119:2:121:Infinity":36,"s:120:4:120:Infinity":37,"s:121:4:121:Infinity":38,"s:124:2:124:Infinity":39}}}
,"C:\\py_dev\\mkobi\\frontend\\src\\features\\auth\\ui\\LoginForm.tsx": {"path":"C:\\py_dev\\mkobi\\frontend\\src\\features\\auth\\ui\\LoginForm.tsx","statementMap":{"0":{"start":{"line":10,"column":8},"end":{"line":10,"column":32}},"1":{"start":{"line":11,"column":17},"end":{"line":11,"column":42}},"2":{"start":{"line":12,"column":16},"end":{"line":12,"column":57}},"3":{"start":{"line":13,"column":23},"end":{"line":13,"column":57}},"4":{"start":{"line":19,"column":17},"end":{"line":22,"column":4}},"5":{"start":{"line":25,"column":8},"end":{"line":25,"column":45}},"6":{"start":{"line":26,"column":2},"end":{"line":32,"column":null}},"7":{"start":{"line":27,"column":4},"end":{"line":29,"column":null}},"8":{"start":{"line":29,"column":6},"end":{"line":29,"column":null}},"9":{"start":{"line":29,"column":23},"end":{"line":29,"column":37}},"10":{"start":{"line":34,"column":19},"end":{"line":44,"column":null}},"11":{"start":{"line":35,"column":4},"end":{"line":44,"column":null}},"12":{"start":{"line":36,"column":6},"end":{"line":36,"column":null}},"13":{"start":{"line":37,"column":6},"end":{"line":37,"column":null}},"14":{"start":{"line":38,"column":6},"end":{"line":38,"column":null}},"15":{"start":{"line":39,"column":6},"end":{"line":39,"column":null}},"16":{"start":{"line":41,"column":22},"end":{"line":41,"column":null}},"17":{"start":{"line":42,"column":6},"end":{"line":42,"column":null}},"18":{"start":{"line":44,"column":6},"end":{"line":44,"column":null}},"19":{"start":{"line":51,"column":2},"end":{"line":52,"column":null}},"20":{"start":{"line":52,"column":4},"end":{"line":52,"column":null}},"21":{"start":{"line":55,"column":2},"end":{"line":94,"column":null}},"22":{"start":{"line":56,"column":43},"end":{"line":56,"column":73}}},"fnMap":{"0":{"name":"LoginForm","decl":{"start":{"line":9,"column":16},"end":{"line":9,"column":28}},"loc":{"start":{"line":9,"column":28},"end":{"line":94,"column":null}},"line":9},"1":{"name":"(anonymous_1)","decl":{"start":{"line":26,"column":2},"end":{"line":26,"column":18}},"loc":{"start":{"line":26,"column":18},"end":{"line":32,"column":6}},"line":26},"2":{"name":"(anonymous_2)","decl":{"start":{"line":29,"column":6},"end":{"line":29,"column":23}},"loc":{"start":{"line":29,"column":23},"end":{"line":29,"column":37}},"line":29},"3":{"name":"(anonymous_3)","decl":{"start":{"line":34,"column":19},"end":{"line":34,"column":26}},"loc":{"start":{"line":34,"column":50},"end":{"line":44,"column":null}},"line":34},"4":{"name":"(anonymous_4)","decl":{"start":{"line":56,"column":26},"end":{"line":56,"column":37}},"loc":{"start":{"line":56,"column":43},"end":{"line":56,"column":73}},"line":56}},"branchMap":{"0":{"loc":{"start":{"line":27,"column":4},"end":{"line":29,"column":null}},"type":"if","locations":[{"start":{"line":27,"column":4},"end":{"line":29,"column":null}},{"start":{},"end":{}}],"line":27},"1":{"loc":{"start":{"line":41,"column":22},"end":{"line":41,"column":null}},"type":"cond-expr","locations":[{"start":{"line":41,"column":45},"end":{"line":41,"column":59}},{"start":{"line":41,"column":59},"end":{"line":41,"column":null}}],"line":41},"2":{"loc":{"start":{"line":51,"column":2},"end":{"line":52,"column":null}},"type":"if","locations":[{"start":{"line":51,"column":2},"end":{"line":52,"column":null}},{"start":{},"end":{}}],"line":51},"3":{"loc":{"start":{"line":61,"column":7},"end":{"line":64,"column":null}},"type":"binary-expr","locations":[{"start":{"line":61,"column":7},"end":{"line":61,"column":null}},{"start":{"line":62,"column":8},"end":{"line":64,"column":null}}],"line":61},"4":{"loc":{"start":{"line":87,"column":9},"end":{"line":87,"column":null}},"type":"cond-expr","locations":[{"start":{"line":87,"column":24},"end":{"line":87,"column":39}},{"start":{"line":87,"column":39},"end":{"line":87,"column":null}}],"line":87}},"s":{"0":17,"1":17,"2":17,"3":17,"4":17,"5":17,"6":17,"7":10,"8":0,"9":0,"10":17,"11":0,"12":0,"13":0,"14":0,"15":0,"16":0,"17":0,"18":0,"19":17,"20":0,"21":17,"22":2},"f":{"0":17,"1":10,"2":0,"3":0,"4":2},"b":{"0":[0,10],"1":[0,0],"2":[0,17],"3":[17,0],"4":[0,17]},"meta":{"lastBranch":5,"lastFunction":5,"lastStatement":23,"seen":{"f:9:16:9:28":0,"s:10:8:10:32":0,"s:11:17:11:42":1,"s:12:16:12:57":2,"s:13:23:13:57":3,"s:19:17:22:4":4,"s:25:8:25:45":5,"s:26:2:32:Infinity":6,"f:26:2:26:18":1,"b:27:4:29:Infinity:undefined:undefined:undefined:undefined":0,"s:27:4:29:Infinity":7,"s:29:6:29:Infinity":8,"f:29:6:29:23":2,"s:29:23:29:37":9,"s:34:19:44:Infinity":10,"f:34:19:34:26":3,"s:35:4:44:Infinity":11,"s:36:6:36:Infinity":12,"s:37:6:37:Infinity":13,"s:38:6:38:Infinity":14,"s:39:6:39:Infinity":15,"s:41:22:41:Infinity":16,"b:41:45:41:59:41:59:41:Infinity":1,"s:42:6:42:Infinity":17,"s:44:6:44:Infinity":18,"b:51:2:52:Infinity:undefined:undefined:undefined:undefined":2,"s:51:2:52:Infinity":19,"s:52:4:52:Infinity":20,"s:55:2:94:Infinity":21,"f:56:26:56:37":4,"s:56:43:56:73":22,"b:61:7:61:Infinity:62:8:64:Infinity":3,"b:87:24:87:39:87:39:87:Infinity":4}}}
,"C:\\py_dev\\mkobi\\frontend\\src\\features\\auth\\ui\\RegisterForm.tsx": {"path":"C:\\py_dev\\mkobi\\frontend\\src\\features\\auth\\ui\\RegisterForm.tsx","statementMap":{"0":{"start":{"line":10,"column":10},"end":{"line":10,"column":39}},"1":{"start":{"line":11,"column":23},"end":{"line":11,"column":57}},"2":{"start":{"line":12,"column":16},"end":{"line":12,"column":57}},"3":{"start":{"line":13,"column":18},"end":{"line":13,"column":47}},"4":{"start":{"line":18,"column":17},"end":{"line":21,"column":4}},"5":{"start":{"line":23,"column":19},"end":{"line":34,"column":null}},"6":{"start":{"line":24,"column":4},"end":{"line":34,"column":null}},"7":{"start":{"line":25,"column":6},"end":{"line":25,"column":null}},"8":{"start":{"line":26,"column":6},"end":{"line":26,"column":null}},"9":{"start":{"line":27,"column":6},"end":{"line":27,"column":null}},"10":{"start":{"line":28,"column":6},"end":{"line":28,"column":null}},"11":{"start":{"line":30,"column":25},"end":{"line":30,"column":null}},"12":{"start":{"line":31,"column":27},"end":{"line":31,"column":null}},"13":{"start":{"line":32,"column":6},"end":{"line":32,"column":null}},"14":{"start":{"line":34,"column":6},"end":{"line":34,"column":null}},"15":{"start":{"line":38,"column":2},"end":{"line":48,"column":null}},"16":{"start":{"line":39,"column":4},"end":{"line":48,"column":null}},"17":{"start":{"line":53,"column":2},"end":{"line":83,"column":null}},"18":{"start":{"line":54,"column":43},"end":{"line":54,"column":73}}},"fnMap":{"0":{"name":"RegisterForm","decl":{"start":{"line":9,"column":16},"end":{"line":9,"column":31}},"loc":{"start":{"line":9,"column":31},"end":{"line":83,"column":null}},"line":9},"1":{"name":"(anonymous_1)","decl":{"start":{"line":23,"column":19},"end":{"line":23,"column":26}},"loc":{"start":{"line":23,"column":53},"end":{"line":34,"column":null}},"line":23},"2":{"name":"(anonymous_2)","decl":{"start":{"line":54,"column":26},"end":{"line":54,"column":37}},"loc":{"start":{"line":54,"column":43},"end":{"line":54,"column":73}},"line":54}},"branchMap":{"0":{"loc":{"start":{"line":31,"column":27},"end":{"line":31,"column":null}},"type":"binary-expr","locations":[{"start":{"line":31,"column":27},"end":{"line":31,"column":64}},{"start":{"line":31,"column":64},"end":{"line":31,"column":null}}],"line":31},"1":{"loc":{"start":{"line":38,"column":2},"end":{"line":48,"column":null}},"type":"if","locations":[{"start":{"line":38,"column":2},"end":{"line":48,"column":null}},{"start":{},"end":{}}],"line":38},"2":{"loc":{"start":{"line":59,"column":7},"end":{"line":62,"column":null}},"type":"binary-expr","locations":[{"start":{"line":59,"column":7},"end":{"line":59,"column":null}},{"start":{"line":60,"column":8},"end":{"line":62,"column":null}}],"line":59},"3":{"loc":{"start":{"line":76,"column":9},"end":{"line":76,"column":null}},"type":"cond-expr","locations":[{"start":{"line":76,"column":24},"end":{"line":76,"column":39}},{"start":{"line":76,"column":39},"end":{"line":76,"column":null}}],"line":76}},"s":{"0":10,"1":10,"2":10,"3":10,"4":10,"5":10,"6":0,"7":0,"8":0,"9":0,"10":0,"11":0,"12":0,"13":0,"14":0,"15":10,"16":0,"17":10,"18":2},"f":{"0":10,"1":0,"2":2},"b":{"0":[0,0],"1":[0,10],"2":[10,0],"3":[0,10]},"meta":{"lastBranch":4,"lastFunction":3,"lastStatement":19,"seen":{"f:9:16:9:31":0,"s:10:10:10:39":0,"s:11:23:11:57":1,"s:12:16:12:57":2,"s:13:18:13:47":3,"s:18:17:21:4":4,"s:23:19:34:Infinity":5,"f:23:19:23:26":1,"s:24:4:34:Infinity":6,"s:25:6:25:Infinity":7,"s:26:6:26:Infinity":8,"s:27:6:27:Infinity":9,"s:28:6:28:Infinity":10,"s:30:25:30:Infinity":11,"s:31:27:31:Infinity":12,"b:31:27:31:64:31:64:31:Infinity":0,"s:32:6:32:Infinity":13,"s:34:6:34:Infinity":14,"b:38:2:48:Infinity:undefined:undefined:undefined:undefined":1,"s:38:2:48:Infinity":15,"s:39:4:48:Infinity":16,"s:53:2:83:Infinity":17,"f:54:26:54:37":2,"s:54:43:54:73":18,"b:59:7:59:Infinity:60:8:62:Infinity":2,"b:76:24:76:39:76:39:76:Infinity":3}}}
,"C:\\py_dev\\mkobi\\frontend\\src\\features\\dashboards\\ui\\DashboardView.tsx": {"path":"C:\\py_dev\\mkobi\\frontend\\src\\features\\dashboards\\ui\\DashboardView.tsx","statementMap":{"0":{"start":{"line":20,"column":10},"end":{"line":20,"column":44}},"1":{"start":{"line":22,"column":18},"end":{"line":24,"column":7}},"2":{"start":{"line":25,"column":26},"end":{"line":25,"column":63}},"3":{"start":{"line":30,"column":11},"end":{"line":31,"column":28}},"4":{"start":{"line":35,"column":11},"end":{"line":36,"column":42}},"5":{"start":{"line":37,"column":10},"end":{"line":37,"column":63}},"6":{"start":{"line":40,"column":40},"end":{"line":53,"column":8}},"7":{"start":{"line":42,"column":34},"end":{"line":51,"column":null}},"8":{"start":{"line":55,"column":8},"end":{"line":59,"column":null}},"9":{"start":{"line":57,"column":6},"end":{"line":57,"column":null}},"10":{"start":{"line":62,"column":2},"end":{"line":66,"column":null}},"11":{"start":{"line":63,"column":4},"end":{"line":64,"column":null}},"12":{"start":{"line":64,"column":6},"end":{"line":64,"column":null}},"13":{"start":{"line":68,"column":2},"end":{"line":72,"column":null}},"14":{"start":{"line":69,"column":4},"end":{"line":72,"column":null}},"15":{"start":{"line":76,"column":2},"end":{"line":80,"column":null}},"16":{"start":{"line":77,"column":4},"end":{"line":80,"column":null}},"17":{"start":{"line":84,"column":18},"end":{"line":84,"column":66}},"18":{"start":{"line":86,"column":2},"end":{"line":171,"column":null}},"19":{"start":{"line":96,"column":27},"end":{"line":96,"column":51}},"20":{"start":{"line":141,"column":16},"end":{"line":148,"column":null}},"21":{"start":{"line":163,"column":23},"end":{"line":163,"column":48}},"22":{"start":{"line":166,"column":10},"end":{"line":166,"column":null}},"23":{"start":{"line":167,"column":10},"end":{"line":168,"column":null}},"24":{"start":{"line":168,"column":12},"end":{"line":168,"column":null}}},"fnMap":{"0":{"name":"DashboardView","decl":{"start":{"line":19,"column":16},"end":{"line":19,"column":32}},"loc":{"start":{"line":19,"column":32},"end":{"line":171,"column":null}},"line":19},"1":{"name":"(anonymous_1)","decl":{"start":{"line":41,"column":31},"end":{"line":41,"column":null}},"loc":{"start":{"line":42,"column":34},"end":{"line":51,"column":null}},"line":42},"2":{"name":"(anonymous_2)","decl":{"start":{"line":55,"column":29},"end":{"line":55,"column":null}},"loc":{"start":{"line":56,"column":75},"end":{"line":59,"column":6}},"line":56},"3":{"name":"(anonymous_3)","decl":{"start":{"line":62,"column":2},"end":{"line":62,"column":18}},"loc":{"start":{"line":62,"column":18},"end":{"line":66,"column":6}},"line":62},"4":{"name":"(anonymous_4)","decl":{"start":{"line":96,"column":12},"end":{"line":96,"column":27}},"loc":{"start":{"line":96,"column":27},"end":{"line":96,"column":51}},"line":96},"5":{"name":"(anonymous_5)","decl":{"start":{"line":140,"column":37},"end":{"line":140,"column":42}},"loc":{"start":{"line":141,"column":16},"end":{"line":148,"column":null}},"line":141},"6":{"name":"(anonymous_6)","decl":{"start":{"line":163,"column":8},"end":{"line":163,"column":23}},"loc":{"start":{"line":163,"column":23},"end":{"line":163,"column":48}},"line":163},"7":{"name":"(anonymous_7)","decl":{"start":{"line":165,"column":8},"end":{"line":165,"column":32}},"loc":{"start":{"line":165,"column":32},"end":{"line":168,"column":null}},"line":165},"8":{"name":"(anonymous_8)","decl":{"start":{"line":168,"column":41},"end":{"line":168,"column":53}},"loc":{"start":{"line":168,"column":53},"end":{"line":168,"column":56}},"line":168}},"branchMap":{"0":{"loc":{"start":{"line":31,"column":19},"end":{"line":31,"column":28}},"type":"binary-expr","locations":[{"start":{"line":31,"column":19},"end":{"line":31,"column":25}},{"start":{"line":31,"column":25},"end":{"line":31,"column":28}}],"line":31},"1":{"loc":{"start":{"line":36,"column":24},"end":{"line":36,"column":34}},"type":"binary-expr","locations":[{"start":{"line":36,"column":24},"end":{"line":36,"column":30}},{"start":{"line":36,"column":30},"end":{"line":36,"column":34}}],"line":36},"2":{"loc":{"start":{"line":40,"column":40},"end":{"line":53,"column":8}},"type":"cond-expr","locations":[{"start":{"line":41,"column":6},"end":{"line":51,"column":null}},{"start":{"line":53,"column":6},"end":{"line":53,"column":8}}],"line":40},"3":{"loc":{"start":{"line":40,"column":40},"end":{"line":40,"column":null}},"type":"binary-expr","locations":[{"start":{"line":40,"column":40},"end":{"line":40,"column":70}},{"start":{"line":40,"column":70},"end":{"line":40,"column":null}}],"line":40},"4":{"loc":{"start":{"line":63,"column":4},"end":{"line":64,"column":null}},"type":"if","locations":[{"start":{"line":63,"column":4},"end":{"line":64,"column":null}},{"start":{},"end":{}}],"line":63},"5":{"loc":{"start":{"line":63,"column":8},"end":{"line":63,"column":47}},"type":"binary-expr","locations":[{"start":{"line":63,"column":8},"end":{"line":63,"column":14}},{"start":{"line":63,"column":14},"end":{"line":63,"column":47}}],"line":63},"6":{"loc":{"start":{"line":68,"column":2},"end":{"line":72,"column":null}},"type":"if","locations":[{"start":{"line":68,"column":2},"end":{"line":72,"column":null}},{"start":{},"end":{}}],"line":68},"7":{"loc":{"start":{"line":76,"column":2},"end":{"line":80,"column":null}},"type":"if","locations":[{"start":{"line":76,"column":2},"end":{"line":80,"column":null}},{"start":{},"end":{}}],"line":76},"8":{"loc":{"start":{"line":76,"column":6},"end":{"line":76,"column":36}},"type":"binary-expr","locations":[{"start":{"line":76,"column":6},"end":{"line":76,"column":24}},{"start":{"line":76,"column":24},"end":{"line":76,"column":36}}],"line":76},"9":{"loc":{"start":{"line":93,"column":9},"end":{"line":99,"column":null}},"type":"binary-expr","locations":[{"start":{"line":93,"column":9},"end":{"line":93,"column":null}},{"start":{"line":94,"column":10},"end":{"line":99,"column":null}}],"line":93},"10":{"loc":{"start":{"line":103,"column":7},"end":{"line":106,"column":null}},"type":"binary-expr","locations":[{"start":{"line":103,"column":7},"end":{"line":103,"column":null}},{"start":{"line":104,"column":8},"end":{"line":106,"column":null}}],"line":103},"11":{"loc":{"start":{"line":110,"column":9},"end":{"line":120,"column":9}},"type":"binary-expr","locations":[{"start":{"line":110,"column":9},"end":{"line":110,"column":37}},{"start":{"line":110,"column":37},"end":{"line":110,"column":null}},{"start":{"line":111,"column":10},"end":{"line":120,"column":9}}],"line":110},"12":{"loc":{"start":{"line":123,"column":16},"end":{"line":123,"column":null}},"type":"cond-expr","locations":[{"start":{"line":123,"column":82},"end":{"line":123,"column":86}},{"start":{"line":123,"column":86},"end":{"line":123,"column":null}}],"line":123},"13":{"loc":{"start":{"line":123,"column":16},"end":{"line":123,"column":82}},"type":"binary-expr","locations":[{"start":{"line":123,"column":16},"end":{"line":123,"column":44}},{"start":{"line":123,"column":44},"end":{"line":123,"column":82}}],"line":123},"14":{"loc":{"start":{"line":126,"column":11},"end":{"line":129,"column":null}},"type":"binary-expr","locations":[{"start":{"line":126,"column":11},"end":{"line":126,"column":null}},{"start":{"line":127,"column":12},"end":{"line":129,"column":null}}],"line":126},"15":{"loc":{"start":{"line":132,"column":11},"end":{"line":135,"column":null}},"type":"binary-expr","locations":[{"start":{"line":132,"column":11},"end":{"line":132,"column":null}},{"start":{"line":133,"column":12},"end":{"line":135,"column":null}}],"line":132},"16":{"loc":{"start":{"line":138,"column":11},"end":{"line":155,"column":null}},"type":"cond-expr","locations":[{"start":{"line":139,"column":12},"end":{"line":152,"column":13}},{"start":{"line":152,"column":12},"end":{"line":155,"column":null}}],"line":138},"17":{"loc":{"start":{"line":138,"column":11},"end":{"line":138,"column":null}},"type":"binary-expr","locations":[{"start":{"line":138,"column":11},"end":{"line":138,"column":37}},{"start":{"line":138,"column":37},"end":{"line":138,"column":null}}],"line":138},"18":{"loc":{"start":{"line":152,"column":12},"end":{"line":155,"column":null}},"type":"binary-expr","locations":[{"start":{"line":152,"column":12},"end":{"line":152,"column":null}},{"start":{"line":153,"column":14},"end":{"line":155,"column":null}}],"line":152},"19":{"loc":{"start":{"line":164,"column":21},"end":{"line":164,"column":null}},"type":"binary-expr","locations":[{"start":{"line":164,"column":21},"end":{"line":164,"column":27}},{"start":{"line":164,"column":27},"end":{"line":164,"column":null}}],"line":164},"20":{"loc":{"start":{"line":167,"column":10},"end":{"line":168,"column":null}},"type":"if","locations":[{"start":{"line":167,"column":10},"end":{"line":168,"column":null}},{"start":{},"end":{}}],"line":167}},"s":{"0":5,"1":5,"2":5,"3":5,"4":5,"5":5,"6":5,"7":0,"8":5,"9":0,"10":5,"11":5,"12":0,"13":5,"14":0,"15":5,"16":0,"17":5,"18":5,"19":0,"20":10,"21":0,"22":0,"23":0,"24":0},"f":{"0":5,"1":0,"2":0,"3":5,"4":0,"5":10,"6":0,"7":0,"8":0},"b":{"0":[5,0],"1":[5,0],"2":[0,5],"3":[5,0],"4":[0,5],"5":[5,5],"6":[0,5],"7":[0,5],"8":[5,5],"9":[5,5],"10":[5,5],"11":[5,0,0],"12":[0,5],"13":[5,0],"14":[5,0],"15":[5,0],"16":[5,0],"17":[5,5],"18":[0,0],"19":[5,0],"20":[0,0]},"meta":{"lastBranch":21,"lastFunction":9,"lastStatement":25,"seen":{"f:19:16:19:32":0,"s:20:10:20:44":0,"s:22:18:24:7":1,"s:25:26:25:63":2,"s:30:11:31:28":3,"b:31:19:31:25:31:25:31:28":0,"s:35:11:36:42":4,"b:36:24:36:30:36:30:36:34":1,"s:37:10:37:63":5,"s:40:40:53:8":6,"b:41:6:51:Infinity:53:6:53:8":2,"b:40:40:40:70:40:70:40:Infinity":3,"f:41:31:41:Infinity":1,"s:42:34:51:Infinity":7,"s:55:8:59:Infinity":8,"f:55:29:55:Infinity":2,"s:57:6:57:Infinity":9,"s:62:2:66:Infinity":10,"f:62:2:62:18":3,"b:63:4:64:Infinity:undefined:undefined:undefined:undefined":4,"s:63:4:64:Infinity":11,"b:63:8:63:14:63:14:63:47":5,"s:64:6:64:Infinity":12,"b:68:2:72:Infinity:undefined:undefined:undefined:undefined":6,"s:68:2:72:Infinity":13,"s:69:4:72:Infinity":14,"b:76:2:80:Infinity:undefined:undefined:undefined:undefined":7,"s:76:2:80:Infinity":15,"b:76:6:76:24:76:24:76:36":8,"s:77:4:80:Infinity":16,"s:84:18:84:66":17,"s:86:2:171:Infinity":18,"b:93:9:93:Infinity:94:10:99:Infinity":9,"f:96:12:96:27":4,"s:96:27:96:51":19,"b:103:7:103:Infinity:104:8:106:Infinity":10,"b:110:9:110:37:110:37:110:Infinity:111:10:120:9":11,"b:123:82:123:86:123:86:123:Infinity":12,"b:123:16:123:44:123:44:123:82":13,"b:126:11:126:Infinity:127:12:129:Infinity":14,"b:132:11:132:Infinity:133:12:135:Infinity":15,"b:139:12:152:13:152:12:155:Infinity":16,"b:138:11:138:37:138:37:138:Infinity":17,"f:140:37:140:42":5,"s:141:16:148:Infinity":20,"b:152:12:152:Infinity:153:14:155:Infinity":18,"f:163:8:163:23":6,"s:163:23:163:48":21,"b:164:21:164:27:164:27:164:Infinity":19,"f:165:8:165:32":7,"s:166:10:166:Infinity":22,"b:167:10:168:Infinity:undefined:undefined:undefined:undefined":20,"s:167:10:168:Infinity":23,"s:168:12:168:Infinity":24,"f:168:41:168:53":8}}}
,"C:\\py_dev\\mkobi\\frontend\\src\\features\\dashboards\\ui\\charts\\index.ts": {"path":"C:\\py_dev\\mkobi\\frontend\\src\\features\\dashboards\\ui\\charts\\index.ts","statementMap":{},"fnMap":{},"branchMap":{},"s":{},"f":{},"b":{},"meta":{"lastBranch":0,"lastFunction":0,"lastStatement":0,"seen":{}}}
,"C:\\py_dev\\mkobi\\frontend\\src\\features\\upload\\ui\\FileDropzone.tsx": {"path":"C:\\py_dev\\mkobi\\frontend\\src\\features\\upload\\ui\\FileDropzone.tsx","statementMap":{"0":{"start":{"line":25,"column":28},"end":{"line":25,"column":null}},"1":{"start":{"line":28,"column":8},"end":{"line":55,"column":null}},"2":{"start":{"line":31,"column":25},"end":{"line":42,"column":null}},"3":{"start":{"line":32,"column":25},"end":{"line":32,"column":48}},"4":{"start":{"line":34,"column":10},"end":{"line":36,"column":63}},"5":{"start":{"line":38,"column":8},"end":{"line":39,"column":null}},"6":{"start":{"line":39,"column":10},"end":{"line":39,"column":null}},"7":{"start":{"line":41,"column":8},"end":{"line":41,"column":null}},"8":{"start":{"line":44,"column":6},"end":{"line":45,"column":null}},"9":{"start":{"line":45,"column":8},"end":{"line":45,"column":null}},"10":{"start":{"line":48,"column":6},"end":{"line":52,"column":null}},"11":{"start":{"line":49,"column":8},"end":{"line":52,"column":null}},"12":{"start":{"line":50,"column":25},"end":{"line":50,"column":74}},"13":{"start":{"line":50,"column":53},"end":{"line":50,"column":63}},"14":{"start":{"line":51,"column":10},"end":{"line":51,"column":null}},"15":{"start":{"line":58,"column":39},"end":{"line":66,"column":4}},"16":{"start":{"line":68,"column":8},"end":{"line":71,"column":null}},"17":{"start":{"line":69,"column":4},"end":{"line":69,"column":null}},"18":{"start":{"line":69,"column":38},"end":{"line":69,"column":null}},"19":{"start":{"line":70,"column":4},"end":{"line":70,"column":null}},"20":{"start":{"line":70,"column":35},"end":{"line":70,"column":null}},"21":{"start":{"line":71,"column":4},"end":{"line":71,"column":null}},"22":{"start":{"line":74,"column":2},"end":{"line":143,"column":null}},"23":{"start":{"line":116,"column":12},"end":{"line":139,"column":null}},"24":{"start":{"line":127,"column":33},"end":{"line":127,"column":56}}},"fnMap":{"0":{"name":"FileDropzone","decl":{"start":{"line":27,"column":16},"end":{"line":27,"column":29}},"loc":{"start":{"line":27,"column":108},"end":{"line":143,"column":null}},"line":27},"1":{"name":"(anonymous_1)","decl":{"start":{"line":28,"column":17},"end":{"line":28,"column":null}},"loc":{"start":{"line":29,"column":58},"end":{"line":55,"column":5}},"line":29},"2":{"name":"(anonymous_2)","decl":{"start":{"line":31,"column":39},"end":{"line":31,"column":47}},"loc":{"start":{"line":31,"column":56},"end":{"line":42,"column":null}},"line":31},"3":{"name":"(anonymous_3)","decl":{"start":{"line":49,"column":17},"end":{"line":49,"column":26}},"loc":{"start":{"line":49,"column":40},"end":{"line":52,"column":null}},"line":49},"4":{"name":"(anonymous_4)","decl":{"start":{"line":50,"column":42},"end":{"line":50,"column":47}},"loc":{"start":{"line":50,"column":53},"end":{"line":50,"column":63}},"line":50},"5":{"name":"(anonymous_5)","decl":{"start":{"line":68,"column":8},"end":{"line":68,"column":23}},"loc":{"start":{"line":68,"column":44},"end":{"line":71,"column":null}},"line":68},"6":{"name":"(anonymous_6)","decl":{"start":{"line":115,"column":25},"end":{"line":115,"column":30}},"loc":{"start":{"line":116,"column":12},"end":{"line":139,"column":null}},"line":116},"7":{"name":"(anonymous_7)","decl":{"start":{"line":127,"column":18},"end":{"line":127,"column":33}},"loc":{"start":{"line":127,"column":33},"end":{"line":127,"column":56}},"line":127}},"branchMap":{"0":{"loc":{"start":{"line":34,"column":10},"end":{"line":36,"column":63}},"type":"binary-expr","locations":[{"start":{"line":34,"column":10},"end":{"line":34,"column":35}},{"start":{"line":35,"column":10},"end":{"line":35,"column":38}},{"start":{"line":36,"column":11},"end":{"line":36,"column":24}},{"start":{"line":36,"column":24},"end":{"line":36,"column":63}}],"line":34},"1":{"loc":{"start":{"line":38,"column":8},"end":{"line":39,"column":null}},"type":"if","locations":[{"start":{"line":38,"column":8},"end":{"line":39,"column":null}},{"start":{},"end":{}}],"line":38},"2":{"loc":{"start":{"line":44,"column":6},"end":{"line":45,"column":null}},"type":"if","locations":[{"start":{"line":44,"column":6},"end":{"line":45,"column":null}},{"start":{},"end":{}}],"line":44},"3":{"loc":{"start":{"line":48,"column":6},"end":{"line":52,"column":null}},"type":"if","locations":[{"start":{"line":48,"column":6},"end":{"line":52,"column":null}},{"start":{},"end":{}}],"line":48},"4":{"loc":{"start":{"line":69,"column":4},"end":{"line":69,"column":null}},"type":"if","locations":[{"start":{"line":69,"column":4},"end":{"line":69,"column":null}},{"start":{},"end":{}}],"line":69},"5":{"loc":{"start":{"line":70,"column":4},"end":{"line":70,"column":null}},"type":"if","locations":[{"start":{"line":70,"column":4},"end":{"line":70,"column":null}},{"start":{},"end":{}}],"line":70},"6":{"loc":{"start":{"line":85,"column":23},"end":{"line":85,"column":null}},"type":"cond-expr","locations":[{"start":{"line":85,"column":38},"end":{"line":85,"column":55}},{"start":{"line":85,"column":55},"end":{"line":85,"column":null}}],"line":85},"7":{"loc":{"start":{"line":86,"column":27},"end":{"line":86,"column":null}},"type":"cond-expr","locations":[{"start":{"line":86,"column":42},"end":{"line":86,"column":59}},{"start":{"line":86,"column":59},"end":{"line":86,"column":null}}],"line":86},"8":{"loc":{"start":{"line":98,"column":11},"end":{"line":98,"column":null}},"type":"cond-expr","locations":[{"start":{"line":98,"column":26},"end":{"line":98,"column":49}},{"start":{"line":98,"column":49},"end":{"line":98,"column":null}}],"line":98},"9":{"loc":{"start":{"line":110,"column":9},"end":{"line":110,"column":null}},"type":"cond-expr","locations":[{"start":{"line":110,"column":24},"end":{"line":110,"column":69}},{"start":{"line":110,"column":69},"end":{"line":110,"column":null}}],"line":110},"10":{"loc":{"start":{"line":113,"column":7},"end":{"line":141,"column":null}},"type":"binary-expr","locations":[{"start":{"line":113,"column":7},"end":{"line":113,"column":null}},{"start":{"line":114,"column":8},"end":{"line":141,"column":null}}],"line":113}},"s":{"0":1,"1":8,"2":0,"3":0,"4":0,"5":0,"6":0,"7":0,"8":0,"9":0,"10":0,"11":0,"12":0,"13":0,"14":0,"15":8,"16":8,"17":6,"18":1,"19":5,"20":5,"21":0,"22":8,"23":6,"24":1},"f":{"0":8,"1":0,"2":0,"3":0,"4":0,"5":6,"6":6,"7":1},"b":{"0":[0,0,0,0],"1":[0,0],"2":[0,0],"3":[0,0],"4":[1,5],"5":[5,0],"6":[1,7],"7":[1,7],"8":[1,7],"9":[1,7],"10":[8,5]},"meta":{"lastBranch":11,"lastFunction":8,"lastStatement":25,"seen":{"s:25:28:25:Infinity":0,"f:27:16:27:29":0,"s:28:8:55:Infinity":1,"f:28:17:28:Infinity":1,"s:31:25:42:Infinity":2,"f:31:39:31:47":2,"s:32:25:32:48":3,"s:34:10:36:63":4,"b:34:10:34:35:35:10:35:38:36:11:36:24:36:24:36:63":0,"b:38:8:39:Infinity:undefined:undefined:undefined:undefined":1,"s:38:8:39:Infinity":5,"s:39:10:39:Infinity":6,"s:41:8:41:Infinity":7,"b:44:6:45:Infinity:undefined:undefined:undefined:undefined":2,"s:44:6:45:Infinity":8,"s:45:8:45:Infinity":9,"b:48:6:52:Infinity:undefined:undefined:undefined:undefined":3,"s:48:6:52:Infinity":10,"s:49:8:52:Infinity":11,"f:49:17:49:26":3,"s:50:25:50:74":12,"f:50:42:50:47":4,"s:50:53:50:63":13,"s:51:10:51:Infinity":14,"s:58:39:66:4":15,"s:68:8:71:Infinity":16,"f:68:8:68:23":5,"b:69:4:69:Infinity:undefined:undefined:undefined:undefined":4,"s:69:4:69:Infinity":17,"s:69:38:69:Infinity":18,"b:70:4:70:Infinity:undefined:undefined:undefined:undefined":5,"s:70:4:70:Infinity":19,"s:70:35:70:Infinity":20,"s:71:4:71:Infinity":21,"s:74:2:143:Infinity":22,"b:85:38:85:55:85:55:85:Infinity":6,"b:86:42:86:59:86:59:86:Infinity":7,"b:98:26:98:49:98:49:98:Infinity":8,"b:110:24:110:69:110:69:110:Infinity":9,"b:113:7:113:Infinity:114:8:141:Infinity":10,"f:115:25:115:30":6,"s:116:12:139:Infinity":23,"f:127:18:127:33":7,"s:127:33:127:56":24}}}
,"C:\\py_dev\\mkobi\\frontend\\src\\shared\\types\\enums.ts": {"path":"C:\\py_dev\\mkobi\\frontend\\src\\shared\\types\\enums.ts","statementMap":{"0":{"start":{"line":7,"column":24},"end":{"line":11,"column":null}},"1":{"start":{"line":15,"column":35},"end":{"line":19,"column":null}},"2":{"start":{"line":23,"column":25},"end":{"line":28,"column":null}},"3":{"start":{"line":32,"column":26},"end":{"line":37,"column":null}},"4":{"start":{"line":41,"column":34},"end":{"line":45,"column":null}},"5":{"start":{"line":49,"column":26},"end":{"line":52,"column":null}},"6":{"start":{"line":56,"column":32},"end":{"line":64,"column":null}},"7":{"start":{"line":68,"column":32},"end":{"line":73,"column":null}}},"fnMap":{},"branchMap":{},"s":{"0":1,"1":1,"2":1,"3":1,"4":1,"5":1,"6":1,"7":1},"f":{},"b":{},"meta":{"lastBranch":0,"lastFunction":0,"lastStatement":8,"seen":{"s:7:24:11:Infinity":0,"s:15:35:19:Infinity":1,"s:23:25:28:Infinity":2,"s:32:26:37:Infinity":3,"s:41:34:45:Infinity":4,"s:49:26:52:Infinity":5,"s:56:32:64:Infinity":6,"s:68:32:73:Infinity":7}}}
,"C:\\py_dev\\mkobi\\frontend\\src\\shared\\types\\formSchemas.ts": {"path":"C:\\py_dev\\mkobi\\frontend\\src\\shared\\types\\formSchemas.ts","statementMap":{"0":{"start":{"line":3,"column":24},"end":{"line":3,"column":59}},"1":{"start":{"line":6,"column":27},"end":{"line":9,"column":2}},"2":{"start":{"line":14,"column":30},"end":{"line":19,"column":2}},"3":{"start":{"line":16,"column":19},"end":{"line":16,"column":null}},"4":{"start":{"line":17,"column":4},"end":{"line":17,"column":null}},"5":{"start":{"line":24,"column":37},"end":{"line":33,"column":2}},"6":{"start":{"line":38,"column":37},"end":{"line":41,"column":2}},"7":{"start":{"line":46,"column":33},"end":{"line":49,"column":2}},"8":{"start":{"line":54,"column":36},"end":{"line":61,"column":2}},"9":{"start":{"line":58,"column":20},"end":{"line":58,"column":65}}},"fnMap":{"0":{"name":"(anonymous_0)","decl":{"start":{"line":15,"column":52},"end":{"line":15,"column":60}},"loc":{"start":{"line":15,"column":70},"end":{"line":18,"column":7}},"line":15},"1":{"name":"(anonymous_1)","decl":{"start":{"line":58,"column":3},"end":{"line":58,"column":11}},"loc":{"start":{"line":58,"column":20},"end":{"line":58,"column":65}},"line":58}},"branchMap":{"0":{"loc":{"start":{"line":17,"column":11},"end":{"line":17,"column":54}},"type":"binary-expr","locations":[{"start":{"line":17,"column":11},"end":{"line":17,"column":21}},{"start":{"line":17,"column":21},"end":{"line":17,"column":54}}],"line":17}},"s":{"0":2,"1":2,"2":2,"3":7,"4":7,"5":2,"6":2,"7":2,"8":2,"9":4},"f":{"0":7,"1":4},"b":{"0":[7,5]},"meta":{"lastBranch":1,"lastFunction":2,"lastStatement":10,"seen":{"s:3:24:3:59":0,"s:6:27:9:2":1,"s:14:30:19:2":2,"f:15:52:15:60":0,"s:16:19:16:Infinity":3,"s:17:4:17:Infinity":4,"b:17:11:17:21:17:21:17:54":0,"s:24:37:33:2":5,"s:38:37:41:2":6,"s:46:33:49:2":7,"s:54:36:61:2":8,"f:58:3:58:11":1,"s:58:20:58:65":9}}}
}
